CRITICAL - 2022-11-01 16:41:03 --> Argument 2 passed to CodeIgniter\Validation\FileRules::uploaded() must be of the type string, null given, called in C:\pwpb\rpl2azzy\system\Validation\Validation.php on line 307
in SYSTEMPATH\Validation\FileRules.php on line 48.
 1 SYSTEMPATH\Validation\Validation.php(307): CodeIgniter\Validation\FileRules->uploaded(null, null)
 2 SYSTEMPATH\Validation\Validation.php(175): CodeIgniter\Validation\Validation->processRules('sampul', 'sampul', null, [...], [...])
 3 SYSTEMPATH\Controller.php(140): CodeIgniter\Validation\Validation->run()
 4 APPPATH\Controllers\Buku.php(49): CodeIgniter\Controller->validate([...])
 5 SYSTEMPATH\CodeIgniter.php(904): App\Controllers\Buku->save()
 6 SYSTEMPATH\CodeIgniter.php(457): CodeIgniter\CodeIgniter->runController(Object(App\Controllers\Buku))
 7 SYSTEMPATH\CodeIgniter.php(340): CodeIgniter\CodeIgniter->handleRequest(null, Object(Config\Cache), false)
 8 FCPATH\index.php(67): CodeIgniter\CodeIgniter->run()
 9 SYSTEMPATH\Commands\Server\rewrite.php(43): require_once('FCPATH\\index.php')
CRITICAL - 2022-11-01 16:59:05 --> Use of undefined constant komik - assumed 'komik' (this will throw an Error in a future version of PHP)
in APPPATH\Views\buku\edit.php on line 57.
 1 APPPATH\Views\buku\edit.php(57): CodeIgniter\Debug\Exceptions->errorHandler(2, 'Use of undefined constant komik - assumed \'komik\' (this will throw an Error in a future version of PHP)', 'APPPATH\\Views\\buku\\edit.php', 57, [...])
 2 SYSTEMPATH\View\View.php(213): include('APPPATH\\Views\\buku\\edit.php')
 3 SYSTEMPATH\View\View.php(216): CodeIgniter\View\View->CodeIgniter\View\{closure}()
 4 SYSTEMPATH\Common.php(1137): CodeIgniter\View\View->render('/buku/edit', [], true)
 5 APPPATH\Controllers\Buku.php(152): view('/buku/edit', [...])
 6 SYSTEMPATH\CodeIgniter.php(904): App\Controllers\Buku->edit('matematika')
 7 SYSTEMPATH\CodeIgniter.php(457): CodeIgniter\CodeIgniter->runController(Object(App\Controllers\Buku))
 8 SYSTEMPATH\CodeIgniter.php(340): CodeIgniter\CodeIgniter->handleRequest(null, Object(Config\Cache), false)
 9 FCPATH\index.php(67): CodeIgniter\CodeIgniter->run()
10 SYSTEMPATH\Commands\Server\rewrite.php(43): require_once('FCPATH\\index.php')
CRITICAL - 2022-11-01 16:59:22 --> Use of undefined constant buku - assumed 'buku' (this will throw an Error in a future version of PHP)
in APPPATH\Views\buku\edit.php on line 57.
 1 APPPATH\Views\buku\edit.php(57): CodeIgniter\Debug\Exceptions->errorHandler(2, 'Use of undefined constant buku - assumed \'buku\' (this will throw an Error in a future version of PHP)', 'APPPATH\\Views\\buku\\edit.php', 57, [...])
 2 SYSTEMPATH\View\View.php(213): include('APPPATH\\Views\\buku\\edit.php')
 3 SYSTEMPATH\View\View.php(216): CodeIgniter\View\View->CodeIgniter\View\{closure}()
 4 SYSTEMPATH\Common.php(1137): CodeIgniter\View\View->render('/buku/edit', [], true)
 5 APPPATH\Controllers\Buku.php(152): view('/buku/edit', [...])
 6 SYSTEMPATH\CodeIgniter.php(904): App\Controllers\Buku->edit('matematika')
 7 SYSTEMPATH\CodeIgniter.php(457): CodeIgniter\CodeIgniter->runController(Object(App\Controllers\Buku))
 8 SYSTEMPATH\CodeIgniter.php(340): CodeIgniter\CodeIgniter->handleRequest(null, Object(Config\Cache), false)
 9 FCPATH\index.php(67): CodeIgniter\CodeIgniter->run()
10 SYSTEMPATH\Commands\Server\rewrite.php(43): require_once('FCPATH\\index.php')
CRITICAL - 2022-11-01 16:59:29 --> Use of undefined constant buku - assumed 'buku' (this will throw an Error in a future version of PHP)
in APPPATH\Views\buku\edit.php on line 57.
 1 APPPATH\Views\buku\edit.php(57): CodeIgniter\Debug\Exceptions->errorHandler(2, 'Use of undefined constant buku - assumed \'buku\' (this will throw an Error in a future version of PHP)', 'APPPATH\\Views\\buku\\edit.php', 57, [...])
 2 SYSTEMPATH\View\View.php(213): include('APPPATH\\Views\\buku\\edit.php')
 3 SYSTEMPATH\View\View.php(216): CodeIgniter\View\View->CodeIgniter\View\{closure}()
 4 SYSTEMPATH\Common.php(1137): CodeIgniter\View\View->render('/buku/edit', [], true)
 5 APPPATH\Controllers\Buku.php(152): view('/buku/edit', [...])
 6 SYSTEMPATH\CodeIgniter.php(904): App\Controllers\Buku->edit('matematika')
 7 SYSTEMPATH\CodeIgniter.php(457): CodeIgniter\CodeIgniter->runController(Object(App\Controllers\Buku))
 8 SYSTEMPATH\CodeIgniter.php(340): CodeIgniter\CodeIgniter->handleRequest(null, Object(Config\Cache), false)
 9 FCPATH\index.php(67): CodeIgniter\CodeIgniter->run()
10 SYSTEMPATH\Commands\Server\rewrite.php(43): require_once('FCPATH\\index.php')
CRITICAL - 2022-11-01 17:14:31 --> syntax error, unexpected '$slug' (T_VARIABLE), expecting function (T_FUNCTION) or const (T_CONST)
in APPPATH\Controllers\Buku.php on line 204.
 1 SYSTEMPATH\Autoloader\Autoloader.php(259): CodeIgniter\Autoloader\Autoloader->includeFile('APPPATH\\Controllers\\Buku.php')
 2 SYSTEMPATH\Autoloader\Autoloader.php(237): CodeIgniter\Autoloader\Autoloader->loadInNamespace('App\\Controllers\\Buku')
 3 [internal function]: CodeIgniter\Autoloader\Autoloader->loadClass('App\\Controllers\\Buku')
 4 [internal function]: spl_autoload_call('App\\Controllers\\Buku')
 5 SYSTEMPATH\CodeIgniter.php(854): class_exists('\\App\\Controllers\\Buku', true)
 6 SYSTEMPATH\CodeIgniter.php(444): CodeIgniter\CodeIgniter->startController()
 7 SYSTEMPATH\CodeIgniter.php(340): CodeIgniter\CodeIgniter->handleRequest(null, Object(Config\Cache), false)
 8 FCPATH\index.php(67): CodeIgniter\CodeIgniter->run()
 9 SYSTEMPATH\Commands\Server\rewrite.php(43): require_once('FCPATH\\index.php')
CRITICAL - 2022-11-01 17:14:33 --> syntax error, unexpected '$slug' (T_VARIABLE), expecting function (T_FUNCTION) or const (T_CONST)
in APPPATH\Controllers\Buku.php on line 204.
 1 SYSTEMPATH\Router\Router.php(499): CodeIgniter\Router\AutoRouter->getRoute('buku')
 2 SYSTEMPATH\Router\Router.php(205): CodeIgniter\Router\Router->autoRoute('buku')
 3 SYSTEMPATH\CodeIgniter.php(779): CodeIgniter\Router\Router->handle('buku')
 4 SYSTEMPATH\CodeIgniter.php(406): CodeIgniter\CodeIgniter->tryToRouteIt(Object(CodeIgniter\Router\RouteCollection))
 5 SYSTEMPATH\CodeIgniter.php(340): CodeIgniter\CodeIgniter->handleRequest(null, Object(Config\Cache), false)
 6 FCPATH\index.php(67): CodeIgniter\CodeIgniter->run()
 7 SYSTEMPATH\Commands\Server\rewrite.php(43): require_once('FCPATH\\index.php')
CRITICAL - 2022-11-01 17:14:34 --> syntax error, unexpected '$slug' (T_VARIABLE), expecting function (T_FUNCTION) or const (T_CONST)
in APPPATH\Controllers\Buku.php on line 204.
 1 SYSTEMPATH\Autoloader\Autoloader.php(259): CodeIgniter\Autoloader\Autoloader->includeFile('APPPATH\\Controllers\\Buku.php')
 2 SYSTEMPATH\Autoloader\Autoloader.php(237): CodeIgniter\Autoloader\Autoloader->loadInNamespace('App\\Controllers\\Buku')
 3 [internal function]: CodeIgniter\Autoloader\Autoloader->loadClass('App\\Controllers\\Buku')
 4 [internal function]: spl_autoload_call('App\\Controllers\\Buku')
 5 SYSTEMPATH\CodeIgniter.php(854): class_exists('\\App\\Controllers\\Buku', true)
 6 SYSTEMPATH\CodeIgniter.php(444): CodeIgniter\CodeIgniter->startController()
 7 SYSTEMPATH\CodeIgniter.php(340): CodeIgniter\CodeIgniter->handleRequest(null, Object(Config\Cache), false)
 8 FCPATH\index.php(67): CodeIgniter\CodeIgniter->run()
 9 SYSTEMPATH\Commands\Server\rewrite.php(43): require_once('FCPATH\\index.php')
CRITICAL - 2022-11-01 17:19:16 --> Undefined index: judul
in APPPATH\Controllers\Buku.php on line 159.
 1 APPPATH\Controllers\Buku.php(159): CodeIgniter\Debug\Exceptions->errorHandler(8, 'Undefined index: judul', 'APPPATH\\Controllers\\Buku.php', 159, [...])
 2 SYSTEMPATH\CodeIgniter.php(904): App\Controllers\Buku->update('18')
 3 SYSTEMPATH\CodeIgniter.php(457): CodeIgniter\CodeIgniter->runController(Object(App\Controllers\Buku))
 4 SYSTEMPATH\CodeIgniter.php(340): CodeIgniter\CodeIgniter->handleRequest(null, Object(Config\Cache), false)
 5 FCPATH\index.php(67): CodeIgniter\CodeIgniter->run()
 6 SYSTEMPATH\Commands\Server\rewrite.php(43): require_once('FCPATH\\index.php')
CRITICAL - 2022-11-01 17:24:22 --> Undefined index: slug
in APPPATH\Controllers\Buku.php on line 159.
 1 APPPATH\Controllers\Buku.php(159): CodeIgniter\Debug\Exceptions->errorHandler(8, 'Undefined index: slug', 'APPPATH\\Controllers\\Buku.php', 159, [...])
 2 SYSTEMPATH\CodeIgniter.php(904): App\Controllers\Buku->update('18')
 3 SYSTEMPATH\CodeIgniter.php(457): CodeIgniter\CodeIgniter->runController(Object(App\Controllers\Buku))
 4 SYSTEMPATH\CodeIgniter.php(340): CodeIgniter\CodeIgniter->handleRequest(null, Object(Config\Cache), false)
 5 FCPATH\index.php(67): CodeIgniter\CodeIgniter->run()
 6 SYSTEMPATH\Commands\Server\rewrite.php(43): require_once('FCPATH\\index.php')
CRITICAL - 2022-11-01 17:24:57 --> Undefined index: judulLama
in APPPATH\Controllers\Buku.php on line 159.
 1 APPPATH\Controllers\Buku.php(159): CodeIgniter\Debug\Exceptions->errorHandler(8, 'Undefined index: judulLama', 'APPPATH\\Controllers\\Buku.php', 159, [...])
 2 SYSTEMPATH\CodeIgniter.php(904): App\Controllers\Buku->update('18')
 3 SYSTEMPATH\CodeIgniter.php(457): CodeIgniter\CodeIgniter->runController(Object(App\Controllers\Buku))
 4 SYSTEMPATH\CodeIgniter.php(340): CodeIgniter\CodeIgniter->handleRequest(null, Object(Config\Cache), false)
 5 FCPATH\index.php(67): CodeIgniter\CodeIgniter->run()
 6 SYSTEMPATH\Commands\Server\rewrite.php(43): require_once('FCPATH\\index.php')
CRITICAL - 2022-11-01 17:25:50 --> Undefined index: judul
in APPPATH\Controllers\Buku.php on line 159.
 1 APPPATH\Controllers\Buku.php(159): CodeIgniter\Debug\Exceptions->errorHandler(8, 'Undefined index: judul', 'APPPATH\\Controllers\\Buku.php', 159, [...])
 2 SYSTEMPATH\CodeIgniter.php(904): App\Controllers\Buku->update('18')
 3 SYSTEMPATH\CodeIgniter.php(457): CodeIgniter\CodeIgniter->runController(Object(App\Controllers\Buku))
 4 SYSTEMPATH\CodeIgniter.php(340): CodeIgniter\CodeIgniter->handleRequest(null, Object(Config\Cache), false)
 5 FCPATH\index.php(67): CodeIgniter\CodeIgniter->run()
 6 SYSTEMPATH\Commands\Server\rewrite.php(43): require_once('FCPATH\\index.php')
CRITICAL - 2022-11-01 17:28:24 --> Undefined index: judul
in APPPATH\Controllers\Buku.php on line 159.
 1 APPPATH\Controllers\Buku.php(159): CodeIgniter\Debug\Exceptions->errorHandler(8, 'Undefined index: judul', 'APPPATH\\Controllers\\Buku.php', 159, [...])
 2 SYSTEMPATH\CodeIgniter.php(904): App\Controllers\Buku->update('18')
 3 SYSTEMPATH\CodeIgniter.php(457): CodeIgniter\CodeIgniter->runController(Object(App\Controllers\Buku))
 4 SYSTEMPATH\CodeIgniter.php(340): CodeIgniter\CodeIgniter->handleRequest(null, Object(Config\Cache), false)
 5 FCPATH\index.php(67): CodeIgniter\CodeIgniter->run()
 6 SYSTEMPATH\Commands\Server\rewrite.php(43): require_once('FCPATH\\index.php')
CRITICAL - 2022-11-01 17:32:14 --> Undefined index: judul
in APPPATH\Controllers\Buku.php on line 159.
 1 APPPATH\Controllers\Buku.php(159): CodeIgniter\Debug\Exceptions->errorHandler(8, 'Undefined index: judul', 'APPPATH\\Controllers\\Buku.php', 159, [...])
 2 SYSTEMPATH\CodeIgniter.php(904): App\Controllers\Buku->update('18')
 3 SYSTEMPATH\CodeIgniter.php(457): CodeIgniter\CodeIgniter->runController(Object(App\Controllers\Buku))
 4 SYSTEMPATH\CodeIgniter.php(340): CodeIgniter\CodeIgniter->handleRequest(null, Object(Config\Cache), false)
 5 FCPATH\index.php(67): CodeIgniter\CodeIgniter->run()
 6 SYSTEMPATH\Commands\Server\rewrite.php(43): require_once('FCPATH\\index.php')
CRITICAL - 2022-11-01 17:40:09 --> Undefined index: judul
in APPPATH\Controllers\Buku.php on line 159.
 1 APPPATH\Controllers\Buku.php(159): CodeIgniter\Debug\Exceptions->errorHandler(8, 'Undefined index: judul', 'APPPATH\\Controllers\\Buku.php', 159, [...])
 2 SYSTEMPATH\CodeIgniter.php(904): App\Controllers\Buku->update('18')
 3 SYSTEMPATH\CodeIgniter.php(457): CodeIgniter\CodeIgniter->runController(Object(App\Controllers\Buku))
 4 SYSTEMPATH\CodeIgniter.php(340): CodeIgniter\CodeIgniter->handleRequest(null, Object(Config\Cache), false)
 5 FCPATH\index.php(67): CodeIgniter\CodeIgniter->run()
 6 SYSTEMPATH\Commands\Server\rewrite.php(43): require_once('FCPATH\\index.php')
CRITICAL - 2022-11-01 17:42:07 --> Undefined variable: rule_judul
in APPPATH\Controllers\Buku.php on line 168.
 1 APPPATH\Controllers\Buku.php(168): CodeIgniter\Debug\Exceptions->errorHandler(8, 'Undefined variable: rule_judul', 'APPPATH\\Controllers\\Buku.php', 168, [...])
 2 SYSTEMPATH\CodeIgniter.php(904): App\Controllers\Buku->update('19')
 3 SYSTEMPATH\CodeIgniter.php(457): CodeIgniter\CodeIgniter->runController(Object(App\Controllers\Buku))
 4 SYSTEMPATH\CodeIgniter.php(340): CodeIgniter\CodeIgniter->handleRequest(null, Object(Config\Cache), false)
 5 FCPATH\index.php(67): CodeIgniter\CodeIgniter->run()
 6 SYSTEMPATH\Commands\Server\rewrite.php(43): require_once('FCPATH\\index.php')
CRITICAL - 2022-11-01 17:42:46 --> Trying to access array offset on value of type null
in APPPATH\Views\buku\detail.php on line 10.
 1 APPPATH\Views\buku\detail.php(10): CodeIgniter\Debug\Exceptions->errorHandler(8, 'Trying to access array offset on value of type null', 'APPPATH\\Views\\buku\\detail.php', 10, [...])
 2 SYSTEMPATH\View\View.php(213): include('APPPATH\\Views\\buku\\detail.php')
 3 SYSTEMPATH\View\View.php(216): CodeIgniter\View\View->CodeIgniter\View\{closure}()
 4 SYSTEMPATH\Common.php(1137): CodeIgniter\View\View->render('/buku/detail', [], true)
 5 APPPATH\Controllers\Buku.php(30): view('/buku/detail', [...])
 6 SYSTEMPATH\CodeIgniter.php(904): App\Controllers\Buku->detail('edit')
 7 SYSTEMPATH\CodeIgniter.php(457): CodeIgniter\CodeIgniter->runController(Object(App\Controllers\Buku))
 8 SYSTEMPATH\CodeIgniter.php(340): CodeIgniter\CodeIgniter->handleRequest(null, Object(Config\Cache), false)
 9 FCPATH\index.php(67): CodeIgniter\CodeIgniter->run()
10 SYSTEMPATH\Commands\Server\rewrite.php(43): require_once('FCPATH\\index.php')
CRITICAL - 2022-11-01 17:43:07 --> Trying to access array offset on value of type null
in APPPATH\Views\buku\detail.php on line 10.
 1 APPPATH\Views\buku\detail.php(10): CodeIgniter\Debug\Exceptions->errorHandler(8, 'Trying to access array offset on value of type null', 'APPPATH\\Views\\buku\\detail.php', 10, [...])
 2 SYSTEMPATH\View\View.php(213): include('APPPATH\\Views\\buku\\detail.php')
 3 SYSTEMPATH\View\View.php(216): CodeIgniter\View\View->CodeIgniter\View\{closure}()
 4 SYSTEMPATH\Common.php(1137): CodeIgniter\View\View->render('/buku/detail', [], true)
 5 APPPATH\Controllers\Buku.php(30): view('/buku/detail', [...])
 6 SYSTEMPATH\CodeIgniter.php(904): App\Controllers\Buku->detail('edit')
 7 SYSTEMPATH\CodeIgniter.php(457): CodeIgniter\CodeIgniter->runController(Object(App\Controllers\Buku))
 8 SYSTEMPATH\CodeIgniter.php(340): CodeIgniter\CodeIgniter->handleRequest(null, Object(Config\Cache), false)
 9 FCPATH\index.php(67): CodeIgniter\CodeIgniter->run()
10 SYSTEMPATH\Commands\Server\rewrite.php(43): require_once('FCPATH\\index.php')
CRITICAL - 2022-11-01 17:43:39 --> Trying to access array offset on value of type null
in APPPATH\Views\buku\detail.php on line 10.
 1 APPPATH\Views\buku\detail.php(10): CodeIgniter\Debug\Exceptions->errorHandler(8, 'Trying to access array offset on value of type null', 'APPPATH\\Views\\buku\\detail.php', 10, [...])
 2 SYSTEMPATH\View\View.php(213): include('APPPATH\\Views\\buku\\detail.php')
 3 SYSTEMPATH\View\View.php(216): CodeIgniter\View\View->CodeIgniter\View\{closure}()
 4 SYSTEMPATH\Common.php(1137): CodeIgniter\View\View->render('/buku/detail', [], true)
 5 APPPATH\Controllers\Buku.php(30): view('/buku/detail', [...])
 6 SYSTEMPATH\CodeIgniter.php(904): App\Controllers\Buku->detail('edit')
 7 SYSTEMPATH\CodeIgniter.php(457): CodeIgniter\CodeIgniter->runController(Object(App\Controllers\Buku))
 8 SYSTEMPATH\CodeIgniter.php(340): CodeIgniter\CodeIgniter->handleRequest(null, Object(Config\Cache), false)
 9 FCPATH\index.php(67): CodeIgniter\CodeIgniter->run()
10 SYSTEMPATH\Commands\Server\rewrite.php(43): require_once('FCPATH\\index.php')
CRITICAL - 2022-11-01 17:43:41 --> Trying to access array offset on value of type null
in APPPATH\Views\buku\detail.php on line 10.
 1 APPPATH\Views\buku\detail.php(10): CodeIgniter\Debug\Exceptions->errorHandler(8, 'Trying to access array offset on value of type null', 'APPPATH\\Views\\buku\\detail.php', 10, [...])
 2 SYSTEMPATH\View\View.php(213): include('APPPATH\\Views\\buku\\detail.php')
 3 SYSTEMPATH\View\View.php(216): CodeIgniter\View\View->CodeIgniter\View\{closure}()
 4 SYSTEMPATH\Common.php(1137): CodeIgniter\View\View->render('/buku/detail', [], true)
 5 APPPATH\Controllers\Buku.php(30): view('/buku/detail', [...])
 6 SYSTEMPATH\CodeIgniter.php(904): App\Controllers\Buku->detail('edit')
 7 SYSTEMPATH\CodeIgniter.php(457): CodeIgniter\CodeIgniter->runController(Object(App\Controllers\Buku))
 8 SYSTEMPATH\CodeIgniter.php(340): CodeIgniter\CodeIgniter->handleRequest(null, Object(Config\Cache), false)
 9 FCPATH\index.php(67): CodeIgniter\CodeIgniter->run()
10 SYSTEMPATH\Commands\Server\rewrite.php(43): require_once('FCPATH\\index.php')
CRITICAL - 2022-11-01 17:43:46 --> Undefined variable: bukuLama
in APPPATH\Controllers\Buku.php on line 159.
 1 APPPATH\Controllers\Buku.php(159): CodeIgniter\Debug\Exceptions->errorHandler(8, 'Undefined variable: bukuLama', 'APPPATH\\Controllers\\Buku.php', 159, [...])
 2 SYSTEMPATH\CodeIgniter.php(904): App\Controllers\Buku->update('19')
 3 SYSTEMPATH\CodeIgniter.php(457): CodeIgniter\CodeIgniter->runController(Object(App\Controllers\Buku))
 4 SYSTEMPATH\CodeIgniter.php(340): CodeIgniter\CodeIgniter->handleRequest(null, Object(Config\Cache), false)
 5 FCPATH\index.php(67): CodeIgniter\CodeIgniter->run()
 6 SYSTEMPATH\Commands\Server\rewrite.php(43): require_once('FCPATH\\index.php')
CRITICAL - 2022-11-01 17:44:45 --> Undefined index: judul
in APPPATH\Controllers\Buku.php on line 165.
 1 APPPATH\Controllers\Buku.php(165): CodeIgniter\Debug\Exceptions->errorHandler(8, 'Undefined index: judul', 'APPPATH\\Controllers\\Buku.php', 165, [...])
 2 SYSTEMPATH\CodeIgniter.php(904): App\Controllers\Buku->update('19')
 3 SYSTEMPATH\CodeIgniter.php(457): CodeIgniter\CodeIgniter->runController(Object(App\Controllers\Buku))
 4 SYSTEMPATH\CodeIgniter.php(340): CodeIgniter\CodeIgniter->handleRequest(null, Object(Config\Cache), false)
 5 FCPATH\index.php(67): CodeIgniter\CodeIgniter->run()
 6 SYSTEMPATH\Commands\Server\rewrite.php(43): require_once('FCPATH\\index.php')
CRITICAL - 2022-11-01 17:49:07 --> Undefined index: judul
in APPPATH\Controllers\Buku.php on line 159.
 1 APPPATH\Controllers\Buku.php(159): CodeIgniter\Debug\Exceptions->errorHandler(8, 'Undefined index: judul', 'APPPATH\\Controllers\\Buku.php', 159, [...])
 2 SYSTEMPATH\CodeIgniter.php(904): App\Controllers\Buku->update('19')
 3 SYSTEMPATH\CodeIgniter.php(457): CodeIgniter\CodeIgniter->runController(Object(App\Controllers\Buku))
 4 SYSTEMPATH\CodeIgniter.php(340): CodeIgniter\CodeIgniter->handleRequest(null, Object(Config\Cache), false)
 5 FCPATH\index.php(67): CodeIgniter\CodeIgniter->run()
 6 SYSTEMPATH\Commands\Server\rewrite.php(43): require_once('FCPATH\\index.php')
CRITICAL - 2022-11-01 17:49:13 --> Undefined index: judul
in APPPATH\Controllers\Buku.php on line 159.
 1 APPPATH\Controllers\Buku.php(159): CodeIgniter\Debug\Exceptions->errorHandler(8, 'Undefined index: judul', 'APPPATH\\Controllers\\Buku.php', 159, [...])
 2 SYSTEMPATH\CodeIgniter.php(904): App\Controllers\Buku->update('19')
 3 SYSTEMPATH\CodeIgniter.php(457): CodeIgniter\CodeIgniter->runController(Object(App\Controllers\Buku))
 4 SYSTEMPATH\CodeIgniter.php(340): CodeIgniter\CodeIgniter->handleRequest(null, Object(Config\Cache), false)
 5 FCPATH\index.php(67): CodeIgniter\CodeIgniter->run()
 6 SYSTEMPATH\Commands\Server\rewrite.php(43): require_once('FCPATH\\index.php')
CRITICAL - 2022-11-01 17:50:03 --> Undefined index: judul
in APPPATH\Controllers\Buku.php on line 159.
 1 APPPATH\Controllers\Buku.php(159): CodeIgniter\Debug\Exceptions->errorHandler(8, 'Undefined index: judul', 'APPPATH\\Controllers\\Buku.php', 159, [...])
 2 SYSTEMPATH\CodeIgniter.php(904): App\Controllers\Buku->update('19')
 3 SYSTEMPATH\CodeIgniter.php(457): CodeIgniter\CodeIgniter->runController(Object(App\Controllers\Buku))
 4 SYSTEMPATH\CodeIgniter.php(340): CodeIgniter\CodeIgniter->handleRequest(null, Object(Config\Cache), false)
 5 FCPATH\index.php(67): CodeIgniter\CodeIgniter->run()
 6 SYSTEMPATH\Commands\Server\rewrite.php(43): require_once('FCPATH\\index.php')
CRITICAL - 2022-11-01 17:53:43 --> Undefined index: judul
in APPPATH\Controllers\Buku.php on line 159.
 1 APPPATH\Controllers\Buku.php(159): CodeIgniter\Debug\Exceptions->errorHandler(8, 'Undefined index: judul', 'APPPATH\\Controllers\\Buku.php', 159, [...])
 2 SYSTEMPATH\CodeIgniter.php(904): App\Controllers\Buku->update('19')
 3 SYSTEMPATH\CodeIgniter.php(457): CodeIgniter\CodeIgniter->runController(Object(App\Controllers\Buku))
 4 SYSTEMPATH\CodeIgniter.php(340): CodeIgniter\CodeIgniter->handleRequest(null, Object(Config\Cache), false)
 5 FCPATH\index.php(67): CodeIgniter\CodeIgniter->run()
 6 SYSTEMPATH\Commands\Server\rewrite.php(43): require_once('FCPATH\\index.php')
