ERROR - 2022-11-21 18:53:56 --> mysqli_sql_exception: Table 'pikos.buku' doesn't exist in C:\pwpb\pilketos\system\Database\MySQLi\Connection.php:292
Stack trace:
#0 C:\pwpb\pilketos\system\Database\MySQLi\Connection.php(292): mysqli->query('SELECT COUNT(*)...', 0)
#1 C:\pwpb\pilketos\system\Database\BaseConnection.php(693): CodeIgniter\Database\MySQLi\Connection->execute('SELECT COUNT(*)...')
#2 C:\pwpb\pilketos\system\Database\BaseConnection.php(620): CodeIgniter\Database\BaseConnection->simpleQuery('SELECT COUNT(*)...')
#3 C:\pwpb\pilketos\system\Database\BaseBuilder.php(1669): CodeIgniter\Database\BaseConnection->query('SELECT COUNT(*)...', Array, false)
#4 C:\pwpb\pilketos\system\Model.php(550): CodeIgniter\Database\BaseBuilder->countAllResults(false)
#5 C:\pwpb\pilketos\system\BaseModel.php(1085): CodeIgniter\Model->countAllResults(false)
#6 C:\pwpb\pilketos\app\Controllers\Buku.php(27): CodeIgniter\BaseModel->paginate(6, 'buku')
#7 C:\pwpb\pilketos\system\CodeIgniter.php(904): App\Controllers\Buku->index()
#8 C:\pwpb\pilketos\system\CodeIgniter.php(457): CodeIgniter\CodeIgniter->runController(Object(App\Controllers\Buku))
#9 C:\pwpb\pilketos\system\CodeIgniter.php(340): CodeIgniter\CodeIgniter->handleRequest(NULL, Object(Config\Cache), false)
#10 C:\pwpb\pilketos\public\index.php(67): CodeIgniter\CodeIgniter->run()
#11 C:\pwpb\pilketos\system\Commands\Server\rewrite.php(43): require_once('C:\\pwpb\\pilketo...')
#12 {main}
CRITICAL - 2022-11-21 18:53:56 --> Table 'pikos.buku' doesn't exist
in SYSTEMPATH\Database\MySQLi\Connection.php on line 292.
 1 SYSTEMPATH\Database\MySQLi\Connection.php(292): mysqli->query('SELECT COUNT(*) AS `numrows`
FROM `buku`', 0)
 2 SYSTEMPATH\Database\BaseConnection.php(693): CodeIgniter\Database\MySQLi\Connection->execute('SELECT COUNT(*) AS `numrows`
FROM `buku`')
 3 SYSTEMPATH\Database\BaseConnection.php(620): CodeIgniter\Database\BaseConnection->simpleQuery('SELECT COUNT(*) AS `numrows`
FROM `buku`')
 4 SYSTEMPATH\Database\BaseBuilder.php(1669): CodeIgniter\Database\BaseConnection->query('SELECT COUNT(*) AS `numrows`
FROM `buku`', [], false)
 5 SYSTEMPATH\Model.php(550): CodeIgniter\Database\BaseBuilder->countAllResults(false)
 6 SYSTEMPATH\BaseModel.php(1085): CodeIgniter\Model->countAllResults(false)
 7 APPPATH\Controllers\Buku.php(27): CodeIgniter\BaseModel->paginate(6, 'buku')
 8 SYSTEMPATH\CodeIgniter.php(904): App\Controllers\Buku->index()
 9 SYSTEMPATH\CodeIgniter.php(457): CodeIgniter\CodeIgniter->runController(Object(App\Controllers\Buku))
10 SYSTEMPATH\CodeIgniter.php(340): CodeIgniter\CodeIgniter->handleRequest(null, Object(Config\Cache), false)
11 FCPATH\index.php(67): CodeIgniter\CodeIgniter->run()
12 SYSTEMPATH\Commands\Server\rewrite.php(43): require_once('FCPATH\\index.php')
