ERROR - 2022-11-30 00:51:09 --> mysqli_sql_exception: Table 'pikos.orang' doesn't exist in C:\pwpb\pilketos\system\Database\MySQLi\Connection.php:292
Stack trace:
#0 C:\pwpb\pilketos\system\Database\MySQLi\Connection.php(292): mysqli->query('SELECT COUNT(*)...', 0)
#1 C:\pwpb\pilketos\system\Database\BaseConnection.php(693): CodeIgniter\Database\MySQLi\Connection->execute('SELECT COUNT(*)...')
#2 C:\pwpb\pilketos\system\Database\BaseConnection.php(620): CodeIgniter\Database\BaseConnection->simpleQuery('SELECT COUNT(*)...')
#3 C:\pwpb\pilketos\system\Database\BaseBuilder.php(1669): CodeIgniter\Database\BaseConnection->query('SELECT COUNT(*)...', Array, false)
#4 C:\pwpb\pilketos\system\Model.php(550): CodeIgniter\Database\BaseBuilder->countAllResults(false)
#5 C:\pwpb\pilketos\system\BaseModel.php(1085): CodeIgniter\Model->countAllResults(false)
#6 C:\pwpb\pilketos\app\Controllers\Orang.php(27): CodeIgniter\BaseModel->paginate(6, 'orang')
#7 C:\pwpb\pilketos\system\CodeIgniter.php(904): App\Controllers\Orang->index()
#8 C:\pwpb\pilketos\system\CodeIgniter.php(457): CodeIgniter\CodeIgniter->runController(Object(App\Controllers\Orang))
#9 C:\pwpb\pilketos\system\CodeIgniter.php(340): CodeIgniter\CodeIgniter->handleRequest(NULL, Object(Config\Cache), false)
#10 C:\pwpb\pilketos\public\index.php(67): CodeIgniter\CodeIgniter->run()
#11 C:\pwpb\pilketos\system\Commands\Server\rewrite.php(43): require_once('C:\\pwpb\\pilketo...')
#12 {main}
CRITICAL - 2022-11-30 00:51:09 --> Table 'pikos.orang' doesn't exist
in SYSTEMPATH\Database\MySQLi\Connection.php on line 292.
 1 SYSTEMPATH\Database\MySQLi\Connection.php(292): mysqli->query('SELECT COUNT(*) AS `numrows`
FROM `orang`', 0)
 2 SYSTEMPATH\Database\BaseConnection.php(693): CodeIgniter\Database\MySQLi\Connection->execute('SELECT COUNT(*) AS `numrows`
FROM `orang`')
 3 SYSTEMPATH\Database\BaseConnection.php(620): CodeIgniter\Database\BaseConnection->simpleQuery('SELECT COUNT(*) AS `numrows`
FROM `orang`')
 4 SYSTEMPATH\Database\BaseBuilder.php(1669): CodeIgniter\Database\BaseConnection->query('SELECT COUNT(*) AS `numrows`
FROM `orang`', [], false)
 5 SYSTEMPATH\Model.php(550): CodeIgniter\Database\BaseBuilder->countAllResults(false)
 6 SYSTEMPATH\BaseModel.php(1085): CodeIgniter\Model->countAllResults(false)
 7 APPPATH\Controllers\Orang.php(27): CodeIgniter\BaseModel->paginate(6, 'orang')
 8 SYSTEMPATH\CodeIgniter.php(904): App\Controllers\Orang->index()
 9 SYSTEMPATH\CodeIgniter.php(457): CodeIgniter\CodeIgniter->runController(Object(App\Controllers\Orang))
10 SYSTEMPATH\CodeIgniter.php(340): CodeIgniter\CodeIgniter->handleRequest(null, Object(Config\Cache), false)
11 FCPATH\index.php(67): CodeIgniter\CodeIgniter->run()
12 SYSTEMPATH\Commands\Server\rewrite.php(43): require_once('FCPATH\\index.php')
CRITICAL - 2022-11-30 02:57:27 --> Undefined variable: ketos
in APPPATH\Views\pages\about.php on line 17.
 1 APPPATH\Views\pages\about.php(17): CodeIgniter\Debug\Exceptions->errorHandler(8, 'Undefined variable: ketos', 'APPPATH\\Views\\pages\\about.php', 17, [...])
 2 SYSTEMPATH\View\View.php(213): include('APPPATH\\Views\\pages\\about.php')
 3 SYSTEMPATH\View\View.php(216): CodeIgniter\View\View->CodeIgniter\View\{closure}()
 4 SYSTEMPATH\Common.php(1137): CodeIgniter\View\View->render('pages/about', [], true)
 5 APPPATH\Controllers\Pages.php(19): view('pages/about', [...])
 6 SYSTEMPATH\CodeIgniter.php(904): App\Controllers\Pages->about()
 7 SYSTEMPATH\CodeIgniter.php(457): CodeIgniter\CodeIgniter->runController(Object(App\Controllers\Pages))
 8 SYSTEMPATH\CodeIgniter.php(340): CodeIgniter\CodeIgniter->handleRequest(null, Object(Config\Cache), false)
 9 FCPATH\index.php(67): CodeIgniter\CodeIgniter->run()
10 SYSTEMPATH\Commands\Server\rewrite.php(43): require_once('FCPATH\\index.php')
CRITICAL - 2022-11-30 06:48:04 --> Undefined variable: ketos
in APPPATH\Views\pages\about.php on line 17.
 1 APPPATH\Views\pages\about.php(17): CodeIgniter\Debug\Exceptions->errorHandler(8, 'Undefined variable: ketos', 'APPPATH\\Views\\pages\\about.php', 17, [...])
 2 SYSTEMPATH\View\View.php(213): include('APPPATH\\Views\\pages\\about.php')
 3 SYSTEMPATH\View\View.php(216): CodeIgniter\View\View->CodeIgniter\View\{closure}()
 4 SYSTEMPATH\Common.php(1137): CodeIgniter\View\View->render('pages/about', [], true)
 5 APPPATH\Controllers\Pages.php(19): view('pages/about', [...])
 6 SYSTEMPATH\CodeIgniter.php(904): App\Controllers\Pages->about()
 7 SYSTEMPATH\CodeIgniter.php(457): CodeIgniter\CodeIgniter->runController(Object(App\Controllers\Pages))
 8 SYSTEMPATH\CodeIgniter.php(340): CodeIgniter\CodeIgniter->handleRequest(null, Object(Config\Cache), false)
 9 FCPATH\index.php(67): CodeIgniter\CodeIgniter->run()
10 SYSTEMPATH\Commands\Server\rewrite.php(43): require_once('FCPATH\\index.php')
CRITICAL - 2022-11-30 06:49:23 --> Undefined variable: ketos
in APPPATH\Views\pages\about.php on line 17.
 1 APPPATH\Views\pages\about.php(17): CodeIgniter\Debug\Exceptions->errorHandler(8, 'Undefined variable: ketos', 'APPPATH\\Views\\pages\\about.php', 17, [...])
 2 SYSTEMPATH\View\View.php(213): include('APPPATH\\Views\\pages\\about.php')
 3 SYSTEMPATH\View\View.php(216): CodeIgniter\View\View->CodeIgniter\View\{closure}()
 4 SYSTEMPATH\Common.php(1137): CodeIgniter\View\View->render('pages/about', [], true)
 5 APPPATH\Controllers\Pages.php(19): view('pages/about', [...])
 6 SYSTEMPATH\CodeIgniter.php(904): App\Controllers\Pages->about()
 7 SYSTEMPATH\CodeIgniter.php(457): CodeIgniter\CodeIgniter->runController(Object(App\Controllers\Pages))
 8 SYSTEMPATH\CodeIgniter.php(340): CodeIgniter\CodeIgniter->handleRequest(null, Object(Config\Cache), false)
 9 FCPATH\index.php(67): CodeIgniter\CodeIgniter->run()
10 SYSTEMPATH\Commands\Server\rewrite.php(43): require_once('FCPATH\\index.php')
ERROR - 2022-11-30 06:51:14 --> mysqli_sql_exception: Table 'pikos.orang' doesn't exist in C:\pwpb\pilketos\system\Database\MySQLi\Connection.php:292
Stack trace:
#0 C:\pwpb\pilketos\system\Database\MySQLi\Connection.php(292): mysqli->query('SELECT COUNT(*)...', 0)
#1 C:\pwpb\pilketos\system\Database\BaseConnection.php(693): CodeIgniter\Database\MySQLi\Connection->execute('SELECT COUNT(*)...')
#2 C:\pwpb\pilketos\system\Database\BaseConnection.php(620): CodeIgniter\Database\BaseConnection->simpleQuery('SELECT COUNT(*)...')
#3 C:\pwpb\pilketos\system\Database\BaseBuilder.php(1669): CodeIgniter\Database\BaseConnection->query('SELECT COUNT(*)...', Array, false)
#4 C:\pwpb\pilketos\system\Model.php(550): CodeIgniter\Database\BaseBuilder->countAllResults(false)
#5 C:\pwpb\pilketos\system\BaseModel.php(1085): CodeIgniter\Model->countAllResults(false)
#6 C:\pwpb\pilketos\app\Controllers\Orang.php(27): CodeIgniter\BaseModel->paginate(6, 'orang')
#7 C:\pwpb\pilketos\system\CodeIgniter.php(904): App\Controllers\Orang->index()
#8 C:\pwpb\pilketos\system\CodeIgniter.php(457): CodeIgniter\CodeIgniter->runController(Object(App\Controllers\Orang))
#9 C:\pwpb\pilketos\system\CodeIgniter.php(340): CodeIgniter\CodeIgniter->handleRequest(NULL, Object(Config\Cache), false)
#10 C:\pwpb\pilketos\public\index.php(67): CodeIgniter\CodeIgniter->run()
#11 C:\pwpb\pilketos\system\Commands\Server\rewrite.php(43): require_once('C:\\pwpb\\pilketo...')
#12 {main}
CRITICAL - 2022-11-30 06:51:14 --> Table 'pikos.orang' doesn't exist
in SYSTEMPATH\Database\MySQLi\Connection.php on line 292.
 1 SYSTEMPATH\Database\MySQLi\Connection.php(292): mysqli->query('SELECT COUNT(*) AS `numrows`
FROM `orang`', 0)
 2 SYSTEMPATH\Database\BaseConnection.php(693): CodeIgniter\Database\MySQLi\Connection->execute('SELECT COUNT(*) AS `numrows`
FROM `orang`')
 3 SYSTEMPATH\Database\BaseConnection.php(620): CodeIgniter\Database\BaseConnection->simpleQuery('SELECT COUNT(*) AS `numrows`
FROM `orang`')
 4 SYSTEMPATH\Database\BaseBuilder.php(1669): CodeIgniter\Database\BaseConnection->query('SELECT COUNT(*) AS `numrows`
FROM `orang`', [], false)
 5 SYSTEMPATH\Model.php(550): CodeIgniter\Database\BaseBuilder->countAllResults(false)
 6 SYSTEMPATH\BaseModel.php(1085): CodeIgniter\Model->countAllResults(false)
 7 APPPATH\Controllers\Orang.php(27): CodeIgniter\BaseModel->paginate(6, 'orang')
 8 SYSTEMPATH\CodeIgniter.php(904): App\Controllers\Orang->index()
 9 SYSTEMPATH\CodeIgniter.php(457): CodeIgniter\CodeIgniter->runController(Object(App\Controllers\Orang))
10 SYSTEMPATH\CodeIgniter.php(340): CodeIgniter\CodeIgniter->handleRequest(null, Object(Config\Cache), false)
11 FCPATH\index.php(67): CodeIgniter\CodeIgniter->run()
12 SYSTEMPATH\Commands\Server\rewrite.php(43): require_once('FCPATH\\index.php')
ERROR - 2022-11-30 06:56:51 --> mysqli_sql_exception: Table 'pikos.orang' doesn't exist in C:\pwpb\pilketos\system\Database\MySQLi\Connection.php:292
Stack trace:
#0 C:\pwpb\pilketos\system\Database\MySQLi\Connection.php(292): mysqli->query('SELECT COUNT(*)...', 0)
#1 C:\pwpb\pilketos\system\Database\BaseConnection.php(693): CodeIgniter\Database\MySQLi\Connection->execute('SELECT COUNT(*)...')
#2 C:\pwpb\pilketos\system\Database\BaseConnection.php(620): CodeIgniter\Database\BaseConnection->simpleQuery('SELECT COUNT(*)...')
#3 C:\pwpb\pilketos\system\Database\BaseBuilder.php(1669): CodeIgniter\Database\BaseConnection->query('SELECT COUNT(*)...', Array, false)
#4 C:\pwpb\pilketos\system\Model.php(550): CodeIgniter\Database\BaseBuilder->countAllResults(false)
#5 C:\pwpb\pilketos\system\BaseModel.php(1085): CodeIgniter\Model->countAllResults(false)
#6 C:\pwpb\pilketos\app\Controllers\Orang.php(27): CodeIgniter\BaseModel->paginate(6, 'orang')
#7 C:\pwpb\pilketos\system\CodeIgniter.php(904): App\Controllers\Orang->index()
#8 C:\pwpb\pilketos\system\CodeIgniter.php(457): CodeIgniter\CodeIgniter->runController(Object(App\Controllers\Orang))
#9 C:\pwpb\pilketos\system\CodeIgniter.php(340): CodeIgniter\CodeIgniter->handleRequest(NULL, Object(Config\Cache), false)
#10 C:\pwpb\pilketos\public\index.php(67): CodeIgniter\CodeIgniter->run()
#11 C:\pwpb\pilketos\system\Commands\Server\rewrite.php(43): require_once('C:\\pwpb\\pilketo...')
#12 {main}
CRITICAL - 2022-11-30 06:56:51 --> Table 'pikos.orang' doesn't exist
in SYSTEMPATH\Database\MySQLi\Connection.php on line 292.
 1 SYSTEMPATH\Database\MySQLi\Connection.php(292): mysqli->query('SELECT COUNT(*) AS `numrows`
FROM `orang`', 0)
 2 SYSTEMPATH\Database\BaseConnection.php(693): CodeIgniter\Database\MySQLi\Connection->execute('SELECT COUNT(*) AS `numrows`
FROM `orang`')
 3 SYSTEMPATH\Database\BaseConnection.php(620): CodeIgniter\Database\BaseConnection->simpleQuery('SELECT COUNT(*) AS `numrows`
FROM `orang`')
 4 SYSTEMPATH\Database\BaseBuilder.php(1669): CodeIgniter\Database\BaseConnection->query('SELECT COUNT(*) AS `numrows`
FROM `orang`', [], false)
 5 SYSTEMPATH\Model.php(550): CodeIgniter\Database\BaseBuilder->countAllResults(false)
 6 SYSTEMPATH\BaseModel.php(1085): CodeIgniter\Model->countAllResults(false)
 7 APPPATH\Controllers\Orang.php(27): CodeIgniter\BaseModel->paginate(6, 'orang')
 8 SYSTEMPATH\CodeIgniter.php(904): App\Controllers\Orang->index()
 9 SYSTEMPATH\CodeIgniter.php(457): CodeIgniter\CodeIgniter->runController(Object(App\Controllers\Orang))
10 SYSTEMPATH\CodeIgniter.php(340): CodeIgniter\CodeIgniter->handleRequest(null, Object(Config\Cache), false)
11 FCPATH\index.php(67): CodeIgniter\CodeIgniter->run()
12 SYSTEMPATH\Commands\Server\rewrite.php(43): require_once('FCPATH\\index.php')
CRITICAL - 2022-11-30 06:57:49 --> Undefined variable: ketos
in APPPATH\Views\pages\vote.php on line 17.
 1 APPPATH\Views\pages\vote.php(17): CodeIgniter\Debug\Exceptions->errorHandler(8, 'Undefined variable: ketos', 'APPPATH\\Views\\pages\\vote.php', 17, [...])
 2 SYSTEMPATH\View\View.php(213): include('APPPATH\\Views\\pages\\vote.php')
 3 SYSTEMPATH\View\View.php(216): CodeIgniter\View\View->CodeIgniter\View\{closure}()
 4 SYSTEMPATH\Common.php(1137): CodeIgniter\View\View->render('pages/vote', [], true)
 5 APPPATH\Controllers\Pages.php(19): view('pages/vote', [...])
 6 SYSTEMPATH\CodeIgniter.php(904): App\Controllers\Pages->vote()
 7 SYSTEMPATH\CodeIgniter.php(457): CodeIgniter\CodeIgniter->runController(Object(App\Controllers\Pages))
 8 SYSTEMPATH\CodeIgniter.php(340): CodeIgniter\CodeIgniter->handleRequest(null, Object(Config\Cache), false)
 9 FCPATH\index.php(67): CodeIgniter\CodeIgniter->run()
10 SYSTEMPATH\Commands\Server\rewrite.php(43): require_once('FCPATH\\index.php')
CRITICAL - 2022-11-30 06:59:04 --> Undefined variable: ketos
in APPPATH\Views\pages\vote.php on line 17.
 1 APPPATH\Views\pages\vote.php(17): CodeIgniter\Debug\Exceptions->errorHandler(8, 'Undefined variable: ketos', 'APPPATH\\Views\\pages\\vote.php', 17, [...])
 2 SYSTEMPATH\View\View.php(213): include('APPPATH\\Views\\pages\\vote.php')
 3 SYSTEMPATH\View\View.php(216): CodeIgniter\View\View->CodeIgniter\View\{closure}()
 4 SYSTEMPATH\Common.php(1137): CodeIgniter\View\View->render('pages/vote', [], true)
 5 APPPATH\Controllers\Pages.php(19): view('pages/vote', [...])
 6 SYSTEMPATH\CodeIgniter.php(904): App\Controllers\Pages->vote()
 7 SYSTEMPATH\CodeIgniter.php(457): CodeIgniter\CodeIgniter->runController(Object(App\Controllers\Pages))
 8 SYSTEMPATH\CodeIgniter.php(340): CodeIgniter\CodeIgniter->handleRequest(null, Object(Config\Cache), false)
 9 FCPATH\index.php(67): CodeIgniter\CodeIgniter->run()
10 SYSTEMPATH\Commands\Server\rewrite.php(43): require_once('FCPATH\\index.php')
CRITICAL - 2022-11-30 06:59:05 --> Undefined variable: ketos
in APPPATH\Views\pages\vote.php on line 17.
 1 APPPATH\Views\pages\vote.php(17): CodeIgniter\Debug\Exceptions->errorHandler(8, 'Undefined variable: ketos', 'APPPATH\\Views\\pages\\vote.php', 17, [...])
 2 SYSTEMPATH\View\View.php(213): include('APPPATH\\Views\\pages\\vote.php')
 3 SYSTEMPATH\View\View.php(216): CodeIgniter\View\View->CodeIgniter\View\{closure}()
 4 SYSTEMPATH\Common.php(1137): CodeIgniter\View\View->render('pages/vote', [], true)
 5 APPPATH\Controllers\Pages.php(19): view('pages/vote', [...])
 6 SYSTEMPATH\CodeIgniter.php(904): App\Controllers\Pages->vote()
 7 SYSTEMPATH\CodeIgniter.php(457): CodeIgniter\CodeIgniter->runController(Object(App\Controllers\Pages))
 8 SYSTEMPATH\CodeIgniter.php(340): CodeIgniter\CodeIgniter->handleRequest(null, Object(Config\Cache), false)
 9 FCPATH\index.php(67): CodeIgniter\CodeIgniter->run()
10 SYSTEMPATH\Commands\Server\rewrite.php(43): require_once('FCPATH\\index.php')
CRITICAL - 2022-11-30 07:02:16 --> Undefined variable: ketos
in APPPATH\Views\pages\vote.php on line 17.
 1 APPPATH\Views\pages\vote.php(17): CodeIgniter\Debug\Exceptions->errorHandler(8, 'Undefined variable: ketos', 'APPPATH\\Views\\pages\\vote.php', 17, [...])
 2 SYSTEMPATH\View\View.php(213): include('APPPATH\\Views\\pages\\vote.php')
 3 SYSTEMPATH\View\View.php(216): CodeIgniter\View\View->CodeIgniter\View\{closure}()
 4 SYSTEMPATH\Common.php(1137): CodeIgniter\View\View->render('pages/vote', [], true)
 5 APPPATH\Controllers\Pages.php(19): view('pages/vote', [...])
 6 SYSTEMPATH\CodeIgniter.php(904): App\Controllers\Pages->vote()
 7 SYSTEMPATH\CodeIgniter.php(457): CodeIgniter\CodeIgniter->runController(Object(App\Controllers\Pages))
 8 SYSTEMPATH\CodeIgniter.php(340): CodeIgniter\CodeIgniter->handleRequest(null, Object(Config\Cache), false)
 9 FCPATH\index.php(67): CodeIgniter\CodeIgniter->run()
10 SYSTEMPATH\Commands\Server\rewrite.php(43): require_once('FCPATH\\index.php')
CRITICAL - 2022-11-30 07:02:18 --> Undefined variable: ketos
in APPPATH\Views\pages\vote.php on line 17.
 1 APPPATH\Views\pages\vote.php(17): CodeIgniter\Debug\Exceptions->errorHandler(8, 'Undefined variable: ketos', 'APPPATH\\Views\\pages\\vote.php', 17, [...])
 2 SYSTEMPATH\View\View.php(213): include('APPPATH\\Views\\pages\\vote.php')
 3 SYSTEMPATH\View\View.php(216): CodeIgniter\View\View->CodeIgniter\View\{closure}()
 4 SYSTEMPATH\Common.php(1137): CodeIgniter\View\View->render('pages/vote', [], true)
 5 APPPATH\Controllers\Pages.php(19): view('pages/vote', [...])
 6 SYSTEMPATH\CodeIgniter.php(904): App\Controllers\Pages->vote()
 7 SYSTEMPATH\CodeIgniter.php(457): CodeIgniter\CodeIgniter->runController(Object(App\Controllers\Pages))
 8 SYSTEMPATH\CodeIgniter.php(340): CodeIgniter\CodeIgniter->handleRequest(null, Object(Config\Cache), false)
 9 FCPATH\index.php(67): CodeIgniter\CodeIgniter->run()
10 SYSTEMPATH\Commands\Server\rewrite.php(43): require_once('FCPATH\\index.php')
CRITICAL - 2022-11-30 07:02:26 --> Undefined variable: ketos
in APPPATH\Views\pages\vote.php on line 17.
 1 APPPATH\Views\pages\vote.php(17): CodeIgniter\Debug\Exceptions->errorHandler(8, 'Undefined variable: ketos', 'APPPATH\\Views\\pages\\vote.php', 17, [...])
 2 SYSTEMPATH\View\View.php(213): include('APPPATH\\Views\\pages\\vote.php')
 3 SYSTEMPATH\View\View.php(216): CodeIgniter\View\View->CodeIgniter\View\{closure}()
 4 SYSTEMPATH\Common.php(1137): CodeIgniter\View\View->render('pages/vote', [], true)
 5 APPPATH\Controllers\Pages.php(19): view('pages/vote', [...])
 6 SYSTEMPATH\CodeIgniter.php(904): App\Controllers\Pages->vote()
 7 SYSTEMPATH\CodeIgniter.php(457): CodeIgniter\CodeIgniter->runController(Object(App\Controllers\Pages))
 8 SYSTEMPATH\CodeIgniter.php(340): CodeIgniter\CodeIgniter->handleRequest(null, Object(Config\Cache), false)
 9 FCPATH\index.php(67): CodeIgniter\CodeIgniter->run()
10 SYSTEMPATH\Commands\Server\rewrite.php(43): require_once('FCPATH\\index.php')
CRITICAL - 2022-11-30 07:05:39 --> Undefined variable: k
in APPPATH\Views\pages\vote.php on line 17.
 1 APPPATH\Views\pages\vote.php(17): CodeIgniter\Debug\Exceptions->errorHandler(8, 'Undefined variable: k', 'APPPATH\\Views\\pages\\vote.php', 17, [...])
 2 SYSTEMPATH\View\View.php(213): include('APPPATH\\Views\\pages\\vote.php')
 3 SYSTEMPATH\View\View.php(216): CodeIgniter\View\View->CodeIgniter\View\{closure}()
 4 SYSTEMPATH\Common.php(1137): CodeIgniter\View\View->render('pages/vote', [], true)
 5 APPPATH\Controllers\Pages.php(19): view('pages/vote', [...])
 6 SYSTEMPATH\CodeIgniter.php(904): App\Controllers\Pages->vote()
 7 SYSTEMPATH\CodeIgniter.php(457): CodeIgniter\CodeIgniter->runController(Object(App\Controllers\Pages))
 8 SYSTEMPATH\CodeIgniter.php(340): CodeIgniter\CodeIgniter->handleRequest(null, Object(Config\Cache), false)
 9 FCPATH\index.php(67): CodeIgniter\CodeIgniter->run()
10 SYSTEMPATH\Commands\Server\rewrite.php(43): require_once('FCPATH\\index.php')
CRITICAL - 2022-11-30 07:05:40 --> Undefined variable: k
in APPPATH\Views\pages\vote.php on line 17.
 1 APPPATH\Views\pages\vote.php(17): CodeIgniter\Debug\Exceptions->errorHandler(8, 'Undefined variable: k', 'APPPATH\\Views\\pages\\vote.php', 17, [...])
 2 SYSTEMPATH\View\View.php(213): include('APPPATH\\Views\\pages\\vote.php')
 3 SYSTEMPATH\View\View.php(216): CodeIgniter\View\View->CodeIgniter\View\{closure}()
 4 SYSTEMPATH\Common.php(1137): CodeIgniter\View\View->render('pages/vote', [], true)
 5 APPPATH\Controllers\Pages.php(19): view('pages/vote', [...])
 6 SYSTEMPATH\CodeIgniter.php(904): App\Controllers\Pages->vote()
 7 SYSTEMPATH\CodeIgniter.php(457): CodeIgniter\CodeIgniter->runController(Object(App\Controllers\Pages))
 8 SYSTEMPATH\CodeIgniter.php(340): CodeIgniter\CodeIgniter->handleRequest(null, Object(Config\Cache), false)
 9 FCPATH\index.php(67): CodeIgniter\CodeIgniter->run()
10 SYSTEMPATH\Commands\Server\rewrite.php(43): require_once('FCPATH\\index.php')
CRITICAL - 2022-11-30 07:06:38 --> Undefined variable: ketos
in APPPATH\Views\pages\vote.php on line 5.
 1 APPPATH\Views\pages\vote.php(5): CodeIgniter\Debug\Exceptions->errorHandler(8, 'Undefined variable: ketos', 'APPPATH\\Views\\pages\\vote.php', 5, [...])
 2 SYSTEMPATH\View\View.php(213): include('APPPATH\\Views\\pages\\vote.php')
 3 SYSTEMPATH\View\View.php(216): CodeIgniter\View\View->CodeIgniter\View\{closure}()
 4 SYSTEMPATH\Common.php(1137): CodeIgniter\View\View->render('pages/vote', [], true)
 5 APPPATH\Controllers\Pages.php(19): view('pages/vote', [...])
 6 SYSTEMPATH\CodeIgniter.php(904): App\Controllers\Pages->vote()
 7 SYSTEMPATH\CodeIgniter.php(457): CodeIgniter\CodeIgniter->runController(Object(App\Controllers\Pages))
 8 SYSTEMPATH\CodeIgniter.php(340): CodeIgniter\CodeIgniter->handleRequest(null, Object(Config\Cache), false)
 9 FCPATH\index.php(67): CodeIgniter\CodeIgniter->run()
10 SYSTEMPATH\Commands\Server\rewrite.php(43): require_once('FCPATH\\index.php')
CRITICAL - 2022-11-30 07:06:42 --> Undefined variable: ketos
in APPPATH\Views\pages\vote.php on line 5.
 1 APPPATH\Views\pages\vote.php(5): CodeIgniter\Debug\Exceptions->errorHandler(8, 'Undefined variable: ketos', 'APPPATH\\Views\\pages\\vote.php', 5, [...])
 2 SYSTEMPATH\View\View.php(213): include('APPPATH\\Views\\pages\\vote.php')
 3 SYSTEMPATH\View\View.php(216): CodeIgniter\View\View->CodeIgniter\View\{closure}()
 4 SYSTEMPATH\Common.php(1137): CodeIgniter\View\View->render('pages/vote', [], true)
 5 APPPATH\Controllers\Pages.php(19): view('pages/vote', [...])
 6 SYSTEMPATH\CodeIgniter.php(904): App\Controllers\Pages->vote()
 7 SYSTEMPATH\CodeIgniter.php(457): CodeIgniter\CodeIgniter->runController(Object(App\Controllers\Pages))
 8 SYSTEMPATH\CodeIgniter.php(340): CodeIgniter\CodeIgniter->handleRequest(null, Object(Config\Cache), false)
 9 FCPATH\index.php(67): CodeIgniter\CodeIgniter->run()
10 SYSTEMPATH\Commands\Server\rewrite.php(43): require_once('FCPATH\\index.php')
CRITICAL - 2022-11-30 07:21:01 --> Undefined property: App\Controllers\Pages::$voteModel
in APPPATH\Controllers\Pages.php on line 23.
 1 APPPATH\Controllers\Pages.php(23): CodeIgniter\Debug\Exceptions->errorHandler(8, 'Undefined property: App\\Controllers\\Pages::$voteModel', 'APPPATH\\Controllers\\Pages.php', 23, [...])
 2 SYSTEMPATH\CodeIgniter.php(904): App\Controllers\Pages->vote()
 3 SYSTEMPATH\CodeIgniter.php(457): CodeIgniter\CodeIgniter->runController(Object(App\Controllers\Pages))
 4 SYSTEMPATH\CodeIgniter.php(340): CodeIgniter\CodeIgniter->handleRequest(null, Object(Config\Cache), false)
 5 FCPATH\index.php(67): CodeIgniter\CodeIgniter->run()
 6 SYSTEMPATH\Commands\Server\rewrite.php(43): require_once('FCPATH\\index.php')
CRITICAL - 2022-11-30 08:00:34 --> Undefined property: App\Controllers\Pages::$voteModel
in APPPATH\Controllers\Pages.php on line 23.
 1 APPPATH\Controllers\Pages.php(23): CodeIgniter\Debug\Exceptions->errorHandler(8, 'Undefined property: App\\Controllers\\Pages::$voteModel', 'APPPATH\\Controllers\\Pages.php', 23, [...])
 2 SYSTEMPATH\CodeIgniter.php(904): App\Controllers\Pages->vote()
 3 SYSTEMPATH\CodeIgniter.php(457): CodeIgniter\CodeIgniter->runController(Object(App\Controllers\Pages))
 4 SYSTEMPATH\CodeIgniter.php(340): CodeIgniter\CodeIgniter->handleRequest(null, Object(Config\Cache), false)
 5 FCPATH\index.php(67): CodeIgniter\CodeIgniter->run()
 6 SYSTEMPATH\Commands\Server\rewrite.php(43): require_once('FCPATH\\index.php')
CRITICAL - 2022-11-30 08:01:47 --> Undefined variable: ketos
in APPPATH\Views\pages\vote.php on line 5.
 1 APPPATH\Views\pages\vote.php(5): CodeIgniter\Debug\Exceptions->errorHandler(8, 'Undefined variable: ketos', 'APPPATH\\Views\\pages\\vote.php', 5, [...])
 2 SYSTEMPATH\View\View.php(213): include('APPPATH\\Views\\pages\\vote.php')
 3 SYSTEMPATH\View\View.php(216): CodeIgniter\View\View->CodeIgniter\View\{closure}()
 4 SYSTEMPATH\Common.php(1137): CodeIgniter\View\View->render('pages/vote', [], true)
 5 APPPATH\Controllers\Pages.php(19): view('pages/vote', [...])
 6 SYSTEMPATH\CodeIgniter.php(904): App\Controllers\Pages->vote()
 7 SYSTEMPATH\CodeIgniter.php(457): CodeIgniter\CodeIgniter->runController(Object(App\Controllers\Pages))
 8 SYSTEMPATH\CodeIgniter.php(340): CodeIgniter\CodeIgniter->handleRequest(null, Object(Config\Cache), false)
 9 FCPATH\index.php(67): CodeIgniter\CodeIgniter->run()
10 SYSTEMPATH\Commands\Server\rewrite.php(43): require_once('FCPATH\\index.php')
CRITICAL - 2022-11-30 08:02:12 --> Undefined variable: ketos
in APPPATH\Views\pages\vote.php on line 5.
 1 APPPATH\Views\pages\vote.php(5): CodeIgniter\Debug\Exceptions->errorHandler(8, 'Undefined variable: ketos', 'APPPATH\\Views\\pages\\vote.php', 5, [...])
 2 SYSTEMPATH\View\View.php(213): include('APPPATH\\Views\\pages\\vote.php')
 3 SYSTEMPATH\View\View.php(216): CodeIgniter\View\View->CodeIgniter\View\{closure}()
 4 SYSTEMPATH\Common.php(1137): CodeIgniter\View\View->render('pages/vote', [], true)
 5 APPPATH\Controllers\Pages.php(19): view('pages/vote', [...])
 6 SYSTEMPATH\CodeIgniter.php(904): App\Controllers\Pages->vote()
 7 SYSTEMPATH\CodeIgniter.php(457): CodeIgniter\CodeIgniter->runController(Object(App\Controllers\Pages))
 8 SYSTEMPATH\CodeIgniter.php(340): CodeIgniter\CodeIgniter->handleRequest(null, Object(Config\Cache), false)
 9 FCPATH\index.php(67): CodeIgniter\CodeIgniter->run()
10 SYSTEMPATH\Commands\Server\rewrite.php(43): require_once('FCPATH\\index.php')
ERROR - 2022-11-30 18:11:01 --> mysqli_sql_exception: Table 'pikos.orang' doesn't exist in C:\pwpb\pilketos\system\Database\MySQLi\Connection.php:292
Stack trace:
#0 C:\pwpb\pilketos\system\Database\MySQLi\Connection.php(292): mysqli->query('SELECT COUNT(*)...', 0)
#1 C:\pwpb\pilketos\system\Database\BaseConnection.php(693): CodeIgniter\Database\MySQLi\Connection->execute('SELECT COUNT(*)...')
#2 C:\pwpb\pilketos\system\Database\BaseConnection.php(620): CodeIgniter\Database\BaseConnection->simpleQuery('SELECT COUNT(*)...')
#3 C:\pwpb\pilketos\system\Database\BaseBuilder.php(1669): CodeIgniter\Database\BaseConnection->query('SELECT COUNT(*)...', Array, false)
#4 C:\pwpb\pilketos\system\Model.php(550): CodeIgniter\Database\BaseBuilder->countAllResults(false)
#5 C:\pwpb\pilketos\system\BaseModel.php(1085): CodeIgniter\Model->countAllResults(false)
#6 C:\pwpb\pilketos\app\Controllers\Orang.php(27): CodeIgniter\BaseModel->paginate(6, 'orang')
#7 C:\pwpb\pilketos\system\CodeIgniter.php(904): App\Controllers\Orang->index()
#8 C:\pwpb\pilketos\system\CodeIgniter.php(457): CodeIgniter\CodeIgniter->runController(Object(App\Controllers\Orang))
#9 C:\pwpb\pilketos\system\CodeIgniter.php(340): CodeIgniter\CodeIgniter->handleRequest(NULL, Object(Config\Cache), false)
#10 C:\pwpb\pilketos\public\index.php(67): CodeIgniter\CodeIgniter->run()
#11 C:\pwpb\pilketos\system\Commands\Server\rewrite.php(43): require_once('C:\\pwpb\\pilketo...')
#12 {main}
CRITICAL - 2022-11-30 18:11:01 --> Table 'pikos.orang' doesn't exist
in SYSTEMPATH\Database\MySQLi\Connection.php on line 292.
 1 SYSTEMPATH\Database\MySQLi\Connection.php(292): mysqli->query('SELECT COUNT(*) AS `numrows`
FROM `orang`', 0)
 2 SYSTEMPATH\Database\BaseConnection.php(693): CodeIgniter\Database\MySQLi\Connection->execute('SELECT COUNT(*) AS `numrows`
FROM `orang`')
 3 SYSTEMPATH\Database\BaseConnection.php(620): CodeIgniter\Database\BaseConnection->simpleQuery('SELECT COUNT(*) AS `numrows`
FROM `orang`')
 4 SYSTEMPATH\Database\BaseBuilder.php(1669): CodeIgniter\Database\BaseConnection->query('SELECT COUNT(*) AS `numrows`
FROM `orang`', [], false)
 5 SYSTEMPATH\Model.php(550): CodeIgniter\Database\BaseBuilder->countAllResults(false)
 6 SYSTEMPATH\BaseModel.php(1085): CodeIgniter\Model->countAllResults(false)
 7 APPPATH\Controllers\Orang.php(27): CodeIgniter\BaseModel->paginate(6, 'orang')
 8 SYSTEMPATH\CodeIgniter.php(904): App\Controllers\Orang->index()
 9 SYSTEMPATH\CodeIgniter.php(457): CodeIgniter\CodeIgniter->runController(Object(App\Controllers\Orang))
10 SYSTEMPATH\CodeIgniter.php(340): CodeIgniter\CodeIgniter->handleRequest(null, Object(Config\Cache), false)
11 FCPATH\index.php(67): CodeIgniter\CodeIgniter->run()
12 SYSTEMPATH\Commands\Server\rewrite.php(43): require_once('FCPATH\\index.php')
