CRITICAL - 2022-11-22 19:00:38 --> Undefined variable: buku
in APPPATH\Views\ketos\index.php on line 54.
 1 APPPATH\Views\ketos\index.php(54): CodeIgniter\Debug\Exceptions->errorHandler(8, 'Undefined variable: buku', 'APPPATH\\Views\\ketos\\index.php', 54, [...])
 2 SYSTEMPATH\View\View.php(213): include('APPPATH\\Views\\ketos\\index.php')
 3 SYSTEMPATH\View\View.php(216): CodeIgniter\View\View->CodeIgniter\View\{closure}()
 4 SYSTEMPATH\Common.php(1137): CodeIgniter\View\View->render('/ketos/index', [], true)
 5 APPPATH\Controllers\Ketos.php(31): view('/ketos/index', [...])
 6 SYSTEMPATH\CodeIgniter.php(904): App\Controllers\Ketos->index()
 7 SYSTEMPATH\CodeIgniter.php(457): CodeIgniter\CodeIgniter->runController(Object(App\Controllers\Ketos))
 8 SYSTEMPATH\CodeIgniter.php(340): CodeIgniter\CodeIgniter->handleRequest(null, Object(Config\Cache), false)
 9 FCPATH\index.php(67): CodeIgniter\CodeIgniter->run()
10 SYSTEMPATH\Commands\Server\rewrite.php(43): require_once('FCPATH\\index.php')
CRITICAL - 2022-11-22 19:01:06 --> Undefined variable: Ketos
in APPPATH\Views\ketos\index.php on line 54.
 1 APPPATH\Views\ketos\index.php(54): CodeIgniter\Debug\Exceptions->errorHandler(8, 'Undefined variable: Ketos', 'APPPATH\\Views\\ketos\\index.php', 54, [...])
 2 SYSTEMPATH\View\View.php(213): include('APPPATH\\Views\\ketos\\index.php')
 3 SYSTEMPATH\View\View.php(216): CodeIgniter\View\View->CodeIgniter\View\{closure}()
 4 SYSTEMPATH\Common.php(1137): CodeIgniter\View\View->render('/ketos/index', [], true)
 5 APPPATH\Controllers\Ketos.php(31): view('/ketos/index', [...])
 6 SYSTEMPATH\CodeIgniter.php(904): App\Controllers\Ketos->index()
 7 SYSTEMPATH\CodeIgniter.php(457): CodeIgniter\CodeIgniter->runController(Object(App\Controllers\Ketos))
 8 SYSTEMPATH\CodeIgniter.php(340): CodeIgniter\CodeIgniter->handleRequest(null, Object(Config\Cache), false)
 9 FCPATH\index.php(67): CodeIgniter\CodeIgniter->run()
10 SYSTEMPATH\Commands\Server\rewrite.php(43): require_once('FCPATH\\index.php')
CRITICAL - 2022-11-22 19:02:27 --> ketos_pagination is not a valid Pager template.
in SYSTEMPATH\Pager\Pager.php on line 120.
 1 SYSTEMPATH\Pager\Pager.php(120): CodeIgniter\Pager\Exceptions\PagerException::forInvalidTemplate('ketos_pagination')
 2 SYSTEMPATH\Pager\Pager.php(83): CodeIgniter\Pager\Pager->displayLinks('ketos', 'ketos_pagination')
 3 APPPATH\Views\ketos\index.php(66): CodeIgniter\Pager\Pager->links('ketos', 'ketos_pagination')
 4 SYSTEMPATH\View\View.php(213): include('APPPATH\\Views\\ketos\\index.php')
 5 SYSTEMPATH\View\View.php(216): CodeIgniter\View\View->CodeIgniter\View\{closure}()
 6 SYSTEMPATH\Common.php(1137): CodeIgniter\View\View->render('/ketos/index', [], true)
 7 APPPATH\Controllers\Ketos.php(31): view('/ketos/index', [...])
 8 SYSTEMPATH\CodeIgniter.php(904): App\Controllers\Ketos->index()
 9 SYSTEMPATH\CodeIgniter.php(457): CodeIgniter\CodeIgniter->runController(Object(App\Controllers\Ketos))
10 SYSTEMPATH\CodeIgniter.php(340): CodeIgniter\CodeIgniter->handleRequest(null, Object(Config\Cache), false)
11 FCPATH\index.php(67): CodeIgniter\CodeIgniter->run()
12 SYSTEMPATH\Commands\Server\rewrite.php(43): require_once('FCPATH\\index.php')
CRITICAL - 2022-11-22 19:16:33 --> Undefined property: App\Controllers\Ketos::$bukuModel
in APPPATH\Controllers\Ketos.php on line 119.
 1 APPPATH\Controllers\Ketos.php(119): CodeIgniter\Debug\Exceptions->errorHandler(8, 'Undefined property: App\\Controllers\\Ketos::$bukuModel', 'APPPATH\\Controllers\\Ketos.php', 119, [...])
 2 SYSTEMPATH\CodeIgniter.php(904): App\Controllers\Ketos->save()
 3 SYSTEMPATH\CodeIgniter.php(457): CodeIgniter\CodeIgniter->runController(Object(App\Controllers\Ketos))
 4 SYSTEMPATH\CodeIgniter.php(340): CodeIgniter\CodeIgniter->handleRequest(null, Object(Config\Cache), false)
 5 FCPATH\index.php(67): CodeIgniter\CodeIgniter->run()
 6 SYSTEMPATH\Commands\Server\rewrite.php(43): require_once('FCPATH\\index.php')
CRITICAL - 2022-11-22 19:39:03 --> Call to undefined method App\Models\ketosModel::getketos
in SYSTEMPATH\Model.php on line 773.
 1 APPPATH\Controllers\Ketos.php(38): CodeIgniter\Model->__call('getketos', [...])
 2 SYSTEMPATH\CodeIgniter.php(904): App\Controllers\Ketos->detail('marklee')
 3 SYSTEMPATH\CodeIgniter.php(457): CodeIgniter\CodeIgniter->runController(Object(App\Controllers\Ketos))
 4 SYSTEMPATH\CodeIgniter.php(340): CodeIgniter\CodeIgniter->handleRequest(null, Object(Config\Cache), false)
 5 FCPATH\index.php(67): CodeIgniter\CodeIgniter->run()
 6 SYSTEMPATH\Commands\Server\rewrite.php(43): require_once('FCPATH\\index.php')
CRITICAL - 2022-11-22 19:40:12 --> Call to undefined method App\Models\ketosModel::getKetos
in SYSTEMPATH\Model.php on line 773.
 1 APPPATH\Controllers\Ketos.php(38): CodeIgniter\Model->__call('getKetos', [...])
 2 SYSTEMPATH\CodeIgniter.php(904): App\Controllers\Ketos->detail('marklee')
 3 SYSTEMPATH\CodeIgniter.php(457): CodeIgniter\CodeIgniter->runController(Object(App\Controllers\Ketos))
 4 SYSTEMPATH\CodeIgniter.php(340): CodeIgniter\CodeIgniter->handleRequest(null, Object(Config\Cache), false)
 5 FCPATH\index.php(67): CodeIgniter\CodeIgniter->run()
 6 SYSTEMPATH\Commands\Server\rewrite.php(43): require_once('FCPATH\\index.php')
CRITICAL - 2022-11-22 19:40:54 --> Call to undefined method App\Models\ketosModel::getKetos
in SYSTEMPATH\Model.php on line 773.
 1 APPPATH\Controllers\Ketos.php(38): CodeIgniter\Model->__call('getKetos', [...])
 2 SYSTEMPATH\CodeIgniter.php(904): App\Controllers\Ketos->detail('marklee')
 3 SYSTEMPATH\CodeIgniter.php(457): CodeIgniter\CodeIgniter->runController(Object(App\Controllers\Ketos))
 4 SYSTEMPATH\CodeIgniter.php(340): CodeIgniter\CodeIgniter->handleRequest(null, Object(Config\Cache), false)
 5 FCPATH\index.php(67): CodeIgniter\CodeIgniter->run()
 6 SYSTEMPATH\Commands\Server\rewrite.php(43): require_once('FCPATH\\index.php')
CRITICAL - 2022-11-22 19:44:03 --> Call to undefined method App\Models\ketosModel::getKetos
in SYSTEMPATH\Model.php on line 773.
 1 APPPATH\Controllers\Ketos.php(38): CodeIgniter\Model->__call('getKetos', [...])
 2 SYSTEMPATH\CodeIgniter.php(904): App\Controllers\Ketos->detail('marklee')
 3 SYSTEMPATH\CodeIgniter.php(457): CodeIgniter\CodeIgniter->runController(Object(App\Controllers\Ketos))
 4 SYSTEMPATH\CodeIgniter.php(340): CodeIgniter\CodeIgniter->handleRequest(null, Object(Config\Cache), false)
 5 FCPATH\index.php(67): CodeIgniter\CodeIgniter->run()
 6 SYSTEMPATH\Commands\Server\rewrite.php(43): require_once('FCPATH\\index.php')
CRITICAL - 2022-11-22 19:50:18 --> Call to undefined method App\Models\ketosModel::getKetos
in SYSTEMPATH\Model.php on line 773.
 1 APPPATH\Controllers\Ketos.php(38): CodeIgniter\Model->__call('getKetos', [...])
 2 SYSTEMPATH\CodeIgniter.php(904): App\Controllers\Ketos->detail('marklee')
 3 SYSTEMPATH\CodeIgniter.php(457): CodeIgniter\CodeIgniter->runController(Object(App\Controllers\Ketos))
 4 SYSTEMPATH\CodeIgniter.php(340): CodeIgniter\CodeIgniter->handleRequest(null, Object(Config\Cache), false)
 5 FCPATH\index.php(67): CodeIgniter\CodeIgniter->run()
 6 SYSTEMPATH\Commands\Server\rewrite.php(43): require_once('FCPATH\\index.php')
CRITICAL - 2022-11-22 19:50:21 --> Call to undefined method App\Models\ketosModel::getKetos
in SYSTEMPATH\Model.php on line 773.
 1 APPPATH\Controllers\Ketos.php(38): CodeIgniter\Model->__call('getKetos', [...])
 2 SYSTEMPATH\CodeIgniter.php(904): App\Controllers\Ketos->detail('marklee')
 3 SYSTEMPATH\CodeIgniter.php(457): CodeIgniter\CodeIgniter->runController(Object(App\Controllers\Ketos))
 4 SYSTEMPATH\CodeIgniter.php(340): CodeIgniter\CodeIgniter->handleRequest(null, Object(Config\Cache), false)
 5 FCPATH\index.php(67): CodeIgniter\CodeIgniter->run()
 6 SYSTEMPATH\Commands\Server\rewrite.php(43): require_once('FCPATH\\index.php')
CRITICAL - 2022-11-22 19:54:23 --> Call to undefined method App\Models\ketosModel::getketos
in SYSTEMPATH\Model.php on line 773.
 1 APPPATH\Controllers\Ketos.php(38): CodeIgniter\Model->__call('getketos', [...])
 2 SYSTEMPATH\CodeIgniter.php(904): App\Controllers\Ketos->detail('marklee')
 3 SYSTEMPATH\CodeIgniter.php(457): CodeIgniter\CodeIgniter->runController(Object(App\Controllers\Ketos))
 4 SYSTEMPATH\CodeIgniter.php(340): CodeIgniter\CodeIgniter->handleRequest(null, Object(Config\Cache), false)
 5 FCPATH\index.php(67): CodeIgniter\CodeIgniter->run()
 6 SYSTEMPATH\Commands\Server\rewrite.php(43): require_once('FCPATH\\index.php')
CRITICAL - 2022-11-22 19:54:45 --> Call to undefined method App\Models\ketosModel::getKetos
in SYSTEMPATH\Model.php on line 773.
 1 APPPATH\Controllers\Ketos.php(38): CodeIgniter\Model->__call('getKetos', [...])
 2 SYSTEMPATH\CodeIgniter.php(904): App\Controllers\Ketos->detail('marklee')
 3 SYSTEMPATH\CodeIgniter.php(457): CodeIgniter\CodeIgniter->runController(Object(App\Controllers\Ketos))
 4 SYSTEMPATH\CodeIgniter.php(340): CodeIgniter\CodeIgniter->handleRequest(null, Object(Config\Cache), false)
 5 FCPATH\index.php(67): CodeIgniter\CodeIgniter->run()
 6 SYSTEMPATH\Commands\Server\rewrite.php(43): require_once('FCPATH\\index.php')
CRITICAL - 2022-11-22 19:56:32 --> Undefined variable: buku
in APPPATH\Views\ketos\edit.php on line 9.
 1 APPPATH\Views\ketos\edit.php(9): CodeIgniter\Debug\Exceptions->errorHandler(8, 'Undefined variable: buku', 'APPPATH\\Views\\ketos\\edit.php', 9, [...])
 2 SYSTEMPATH\View\View.php(213): include('APPPATH\\Views\\ketos\\edit.php')
 3 SYSTEMPATH\View\View.php(216): CodeIgniter\View\View->CodeIgniter\View\{closure}()
 4 SYSTEMPATH\Common.php(1137): CodeIgniter\View\View->render('/ketos/edit', [], true)
 5 APPPATH\Controllers\Ketos.php(160): view('/ketos/edit', [...])
 6 SYSTEMPATH\CodeIgniter.php(904): App\Controllers\Ketos->edit('marklee')
 7 SYSTEMPATH\CodeIgniter.php(457): CodeIgniter\CodeIgniter->runController(Object(App\Controllers\Ketos))
 8 SYSTEMPATH\CodeIgniter.php(340): CodeIgniter\CodeIgniter->handleRequest(null, Object(Config\Cache), false)
 9 FCPATH\index.php(67): CodeIgniter\CodeIgniter->run()
10 SYSTEMPATH\Commands\Server\rewrite.php(43): require_once('FCPATH\\index.php')
CRITICAL - 2022-11-22 20:02:26 --> Undefined index: sampul
in APPPATH\Views\ketos\edit.php on line 66.
 1 APPPATH\Views\ketos\edit.php(66): CodeIgniter\Debug\Exceptions->errorHandler(8, 'Undefined index: sampul', 'APPPATH\\Views\\ketos\\edit.php', 66, [...])
 2 SYSTEMPATH\View\View.php(213): include('APPPATH\\Views\\ketos\\edit.php')
 3 SYSTEMPATH\View\View.php(216): CodeIgniter\View\View->CodeIgniter\View\{closure}()
 4 SYSTEMPATH\Common.php(1137): CodeIgniter\View\View->render('/ketos/edit', [], true)
 5 APPPATH\Controllers\Ketos.php(160): view('/ketos/edit', [...])
 6 SYSTEMPATH\CodeIgniter.php(904): App\Controllers\Ketos->edit('marklee')
 7 SYSTEMPATH\CodeIgniter.php(457): CodeIgniter\CodeIgniter->runController(Object(App\Controllers\Ketos))
 8 SYSTEMPATH\CodeIgniter.php(340): CodeIgniter\CodeIgniter->handleRequest(null, Object(Config\Cache), false)
 9 FCPATH\index.php(67): CodeIgniter\CodeIgniter->run()
10 SYSTEMPATH\Commands\Server\rewrite.php(43): require_once('FCPATH\\index.php')
CRITICAL - 2022-11-22 20:03:21 --> unlink(img/): Is a directory
in APPPATH\Controllers\Ketos.php on line 206.
 1 [internal function]: CodeIgniter\Debug\Exceptions->errorHandler(2, 'unlink(img/): Is a directory', 'APPPATH\\Controllers\\Ketos.php', 206, [...])
 2 APPPATH\Controllers\Ketos.php(206): unlink('FCPATH\\img')
 3 SYSTEMPATH\CodeIgniter.php(904): App\Controllers\Ketos->update('0')
 4 SYSTEMPATH\CodeIgniter.php(457): CodeIgniter\CodeIgniter->runController(Object(App\Controllers\Ketos))
 5 SYSTEMPATH\CodeIgniter.php(340): CodeIgniter\CodeIgniter->handleRequest(null, Object(Config\Cache), false)
 6 FCPATH\index.php(67): CodeIgniter\CodeIgniter->run()
 7 SYSTEMPATH\Commands\Server\rewrite.php(43): require_once('FCPATH\\index.php')
CRITICAL - 2022-11-22 20:04:55 --> unlink(img/): Is a directory
in APPPATH\Controllers\Ketos.php on line 206.
 1 [internal function]: CodeIgniter\Debug\Exceptions->errorHandler(2, 'unlink(img/): Is a directory', 'APPPATH\\Controllers\\Ketos.php', 206, [...])
 2 APPPATH\Controllers\Ketos.php(206): unlink('FCPATH\\img')
 3 SYSTEMPATH\CodeIgniter.php(904): App\Controllers\Ketos->update('0')
 4 SYSTEMPATH\CodeIgniter.php(457): CodeIgniter\CodeIgniter->runController(Object(App\Controllers\Ketos))
 5 SYSTEMPATH\CodeIgniter.php(340): CodeIgniter\CodeIgniter->handleRequest(null, Object(Config\Cache), false)
 6 FCPATH\index.php(67): CodeIgniter\CodeIgniter->run()
 7 SYSTEMPATH\Commands\Server\rewrite.php(43): require_once('FCPATH\\index.php')
CRITICAL - 2022-11-22 20:08:40 --> unlink(img/): Is a directory
in APPPATH\Controllers\Ketos.php on line 206.
 1 [internal function]: CodeIgniter\Debug\Exceptions->errorHandler(2, 'unlink(img/): Is a directory', 'APPPATH\\Controllers\\Ketos.php', 206, [...])
 2 APPPATH\Controllers\Ketos.php(206): unlink('FCPATH\\img')
 3 SYSTEMPATH\CodeIgniter.php(904): App\Controllers\Ketos->update('0')
 4 SYSTEMPATH\CodeIgniter.php(457): CodeIgniter\CodeIgniter->runController(Object(App\Controllers\Ketos))
 5 SYSTEMPATH\CodeIgniter.php(340): CodeIgniter\CodeIgniter->handleRequest(null, Object(Config\Cache), false)
 6 FCPATH\index.php(67): CodeIgniter\CodeIgniter->run()
 7 SYSTEMPATH\Commands\Server\rewrite.php(43): require_once('FCPATH\\index.php')
CRITICAL - 2022-11-22 20:09:01 --> unlink(img/): Is a directory
in APPPATH\Controllers\Ketos.php on line 206.
 1 [internal function]: CodeIgniter\Debug\Exceptions->errorHandler(2, 'unlink(img/): Is a directory', 'APPPATH\\Controllers\\Ketos.php', 206, [...])
 2 APPPATH\Controllers\Ketos.php(206): unlink('FCPATH\\img')
 3 SYSTEMPATH\CodeIgniter.php(904): App\Controllers\Ketos->update('0')
 4 SYSTEMPATH\CodeIgniter.php(457): CodeIgniter\CodeIgniter->runController(Object(App\Controllers\Ketos))
 5 SYSTEMPATH\CodeIgniter.php(340): CodeIgniter\CodeIgniter->handleRequest(null, Object(Config\Cache), false)
 6 FCPATH\index.php(67): CodeIgniter\CodeIgniter->run()
 7 SYSTEMPATH\Commands\Server\rewrite.php(43): require_once('FCPATH\\index.php')
CRITICAL - 2022-11-22 20:17:39 --> Undefined index: foto
in APPPATH\Views\ketos\edit.php on line 12.
 1 APPPATH\Views\ketos\edit.php(12): CodeIgniter\Debug\Exceptions->errorHandler(8, 'Undefined index: foto', 'APPPATH\\Views\\ketos\\edit.php', 12, [...])
 2 SYSTEMPATH\View\View.php(213): include('APPPATH\\Views\\ketos\\edit.php')
 3 SYSTEMPATH\View\View.php(216): CodeIgniter\View\View->CodeIgniter\View\{closure}()
 4 SYSTEMPATH\Common.php(1137): CodeIgniter\View\View->render('/ketos/edit', [], true)
 5 APPPATH\Controllers\Ketos.php(160): view('/ketos/edit', [...])
 6 SYSTEMPATH\CodeIgniter.php(904): App\Controllers\Ketos->edit('marklee')
 7 SYSTEMPATH\CodeIgniter.php(457): CodeIgniter\CodeIgniter->runController(Object(App\Controllers\Ketos))
 8 SYSTEMPATH\CodeIgniter.php(340): CodeIgniter\CodeIgniter->handleRequest(null, Object(Config\Cache), false)
 9 FCPATH\index.php(67): CodeIgniter\CodeIgniter->run()
10 SYSTEMPATH\Commands\Server\rewrite.php(43): require_once('FCPATH\\index.php')
CRITICAL - 2022-11-22 20:19:21 --> Undefined index: foto
in APPPATH\Views\ketos\edit.php on line 12.
 1 APPPATH\Views\ketos\edit.php(12): CodeIgniter\Debug\Exceptions->errorHandler(8, 'Undefined index: foto', 'APPPATH\\Views\\ketos\\edit.php', 12, [...])
 2 SYSTEMPATH\View\View.php(213): include('APPPATH\\Views\\ketos\\edit.php')
 3 SYSTEMPATH\View\View.php(216): CodeIgniter\View\View->CodeIgniter\View\{closure}()
 4 SYSTEMPATH\Common.php(1137): CodeIgniter\View\View->render('/ketos/edit', [], true)
 5 APPPATH\Controllers\Ketos.php(160): view('/ketos/edit', [...])
 6 SYSTEMPATH\CodeIgniter.php(904): App\Controllers\Ketos->edit('marklee')
 7 SYSTEMPATH\CodeIgniter.php(457): CodeIgniter\CodeIgniter->runController(Object(App\Controllers\Ketos))
 8 SYSTEMPATH\CodeIgniter.php(340): CodeIgniter\CodeIgniter->handleRequest(null, Object(Config\Cache), false)
 9 FCPATH\index.php(67): CodeIgniter\CodeIgniter->run()
10 SYSTEMPATH\Commands\Server\rewrite.php(43): require_once('FCPATH\\index.php')
CRITICAL - 2022-11-22 20:19:27 --> Undefined index: foto
in APPPATH\Views\ketos\edit.php on line 12.
 1 APPPATH\Views\ketos\edit.php(12): CodeIgniter\Debug\Exceptions->errorHandler(8, 'Undefined index: foto', 'APPPATH\\Views\\ketos\\edit.php', 12, [...])
 2 SYSTEMPATH\View\View.php(213): include('APPPATH\\Views\\ketos\\edit.php')
 3 SYSTEMPATH\View\View.php(216): CodeIgniter\View\View->CodeIgniter\View\{closure}()
 4 SYSTEMPATH\Common.php(1137): CodeIgniter\View\View->render('/ketos/edit', [], true)
 5 APPPATH\Controllers\Ketos.php(160): view('/ketos/edit', [...])
 6 SYSTEMPATH\CodeIgniter.php(904): App\Controllers\Ketos->edit('marklee')
 7 SYSTEMPATH\CodeIgniter.php(457): CodeIgniter\CodeIgniter->runController(Object(App\Controllers\Ketos))
 8 SYSTEMPATH\CodeIgniter.php(340): CodeIgniter\CodeIgniter->handleRequest(null, Object(Config\Cache), false)
 9 FCPATH\index.php(67): CodeIgniter\CodeIgniter->run()
10 SYSTEMPATH\Commands\Server\rewrite.php(43): require_once('FCPATH\\index.php')
CRITICAL - 2022-11-22 20:19:35 --> Undefined index: foto
in APPPATH\Views\ketos\detail.php on line 10.
 1 APPPATH\Views\ketos\detail.php(10): CodeIgniter\Debug\Exceptions->errorHandler(8, 'Undefined index: foto', 'APPPATH\\Views\\ketos\\detail.php', 10, [...])
 2 SYSTEMPATH\View\View.php(213): include('APPPATH\\Views\\ketos\\detail.php')
 3 SYSTEMPATH\View\View.php(216): CodeIgniter\View\View->CodeIgniter\View\{closure}()
 4 SYSTEMPATH\Common.php(1137): CodeIgniter\View\View->render('/ketos/detail', [], true)
 5 APPPATH\Controllers\Ketos.php(40): view('/ketos/detail', [...])
 6 SYSTEMPATH\CodeIgniter.php(904): App\Controllers\Ketos->detail('marklee')
 7 SYSTEMPATH\CodeIgniter.php(457): CodeIgniter\CodeIgniter->runController(Object(App\Controllers\Ketos))
 8 SYSTEMPATH\CodeIgniter.php(340): CodeIgniter\CodeIgniter->handleRequest(null, Object(Config\Cache), false)
 9 FCPATH\index.php(67): CodeIgniter\CodeIgniter->run()
10 SYSTEMPATH\Commands\Server\rewrite.php(43): require_once('FCPATH\\index.php')
CRITICAL - 2022-11-22 20:20:40 --> Undefined index: foto
in APPPATH\Views\ketos\edit.php on line 12.
 1 APPPATH\Views\ketos\edit.php(12): CodeIgniter\Debug\Exceptions->errorHandler(8, 'Undefined index: foto', 'APPPATH\\Views\\ketos\\edit.php', 12, [...])
 2 SYSTEMPATH\View\View.php(213): include('APPPATH\\Views\\ketos\\edit.php')
 3 SYSTEMPATH\View\View.php(216): CodeIgniter\View\View->CodeIgniter\View\{closure}()
 4 SYSTEMPATH\Common.php(1137): CodeIgniter\View\View->render('/ketos/edit', [], true)
 5 APPPATH\Controllers\Ketos.php(160): view('/ketos/edit', [...])
 6 SYSTEMPATH\CodeIgniter.php(904): App\Controllers\Ketos->edit('marklee')
 7 SYSTEMPATH\CodeIgniter.php(457): CodeIgniter\CodeIgniter->runController(Object(App\Controllers\Ketos))
 8 SYSTEMPATH\CodeIgniter.php(340): CodeIgniter\CodeIgniter->handleRequest(null, Object(Config\Cache), false)
 9 FCPATH\index.php(67): CodeIgniter\CodeIgniter->run()
10 SYSTEMPATH\Commands\Server\rewrite.php(43): require_once('FCPATH\\index.php')
CRITICAL - 2022-11-22 20:21:30 --> unlink(img/): Is a directory
in APPPATH\Controllers\Ketos.php on line 206.
 1 [internal function]: CodeIgniter\Debug\Exceptions->errorHandler(2, 'unlink(img/): Is a directory', 'APPPATH\\Controllers\\Ketos.php', 206, [...])
 2 APPPATH\Controllers\Ketos.php(206): unlink('FCPATH\\img')
 3 SYSTEMPATH\CodeIgniter.php(904): App\Controllers\Ketos->update('0')
 4 SYSTEMPATH\CodeIgniter.php(457): CodeIgniter\CodeIgniter->runController(Object(App\Controllers\Ketos))
 5 SYSTEMPATH\CodeIgniter.php(340): CodeIgniter\CodeIgniter->handleRequest(null, Object(Config\Cache), false)
 6 FCPATH\index.php(67): CodeIgniter\CodeIgniter->run()
 7 SYSTEMPATH\Commands\Server\rewrite.php(43): require_once('FCPATH\\index.php')
ERROR - 2022-11-22 20:21:58 --> mysqli_sql_exception: Duplicate entry '0' for key 'PRIMARY' in C:\pwpb\pilketos\system\Database\MySQLi\Connection.php:292
Stack trace:
#0 C:\pwpb\pilketos\system\Database\MySQLi\Connection.php(292): mysqli->query('INSERT INTO `ke...', 0)
#1 C:\pwpb\pilketos\system\Database\BaseConnection.php(693): CodeIgniter\Database\MySQLi\Connection->execute('INSERT INTO `ke...')
#2 C:\pwpb\pilketos\system\Database\BaseConnection.php(620): CodeIgniter\Database\BaseConnection->simpleQuery('INSERT INTO `ke...')
#3 C:\pwpb\pilketos\system\Database\BaseBuilder.php(1916): CodeIgniter\Database\BaseConnection->query('INSERT INTO `ke...', Array, false)
#4 C:\pwpb\pilketos\system\Model.php(278): CodeIgniter\Database\BaseBuilder->insert()
#5 C:\pwpb\pilketos\system\BaseModel.php(738): CodeIgniter\Model->doInsert(Array)
#6 C:\pwpb\pilketos\system\Model.php(666): CodeIgniter\BaseModel->insert(Array, false)
#7 C:\pwpb\pilketos\system\BaseModel.php(658): CodeIgniter\Model->insert(Array, false)
#8 C:\pwpb\pilketos\app\Controllers\Ketos.php(219): CodeIgniter\BaseModel->save(Array)
#9 C:\pwpb\pilketos\system\CodeIgniter.php(904): App\Controllers\Ketos->update('0')
#10 C:\pwpb\pilketos\system\CodeIgniter.php(457): CodeIgniter\CodeIgniter->runController(Object(App\Controllers\Ketos))
#11 C:\pwpb\pilketos\system\CodeIgniter.php(340): CodeIgniter\CodeIgniter->handleRequest(NULL, Object(Config\Cache), false)
#12 C:\pwpb\pilketos\public\index.php(67): CodeIgniter\CodeIgniter->run()
#13 C:\pwpb\pilketos\system\Commands\Server\rewrite.php(43): require_once('C:\\pwpb\\pilketo...')
#14 {main}
CRITICAL - 2022-11-22 20:21:58 --> Duplicate entry '0' for key 'PRIMARY'
in SYSTEMPATH\Database\MySQLi\Connection.php on line 292.
 1 SYSTEMPATH\Database\MySQLi\Connection.php(292): mysqli->query('INSERT INTO `ketos` (`nama_kandidat`, `slug`, `kelas`, `visi`, `misi`) VALUES (\'Marklee\', \'marklee\', \'XI PPLG 2\', \'Mjadi ksayangan q\', \'Slalu ad di hati q\')', 0)
 2 SYSTEMPATH\Database\BaseConnection.php(693): CodeIgniter\Database\MySQLi\Connection->execute('INSERT INTO `ketos` (`nama_kandidat`, `slug`, `kelas`, `visi`, `misi`) VALUES (\'Marklee\', \'marklee\', \'XI PPLG 2\', \'Mjadi ksayangan q\', \'Slalu ad di hati q\')')
 3 SYSTEMPATH\Database\BaseConnection.php(620): CodeIgniter\Database\BaseConnection->simpleQuery('INSERT INTO `ketos` (`nama_kandidat`, `slug`, `kelas`, `visi`, `misi`) VALUES (\'Marklee\', \'marklee\', \'XI PPLG 2\', \'Mjadi ksayangan q\', \'Slalu ad di hati q\')')
 4 SYSTEMPATH\Database\BaseBuilder.php(1916): CodeIgniter\Database\BaseConnection->query('INSERT INTO `ketos` (`nama_kandidat`, `slug`, `kelas`, `visi`, `misi`) VALUES (:nama_kandidat:, :slug:, :kelas:, :visi:, :misi:)', [...], false)
 5 SYSTEMPATH\Model.php(278): CodeIgniter\Database\BaseBuilder->insert()
 6 SYSTEMPATH\BaseModel.php(738): CodeIgniter\Model->doInsert([...])
 7 SYSTEMPATH\Model.php(666): CodeIgniter\BaseModel->insert([...], false)
 8 SYSTEMPATH\BaseModel.php(658): CodeIgniter\Model->insert([...], false)
 9 APPPATH\Controllers\Ketos.php(219): CodeIgniter\BaseModel->save([...])
10 SYSTEMPATH\CodeIgniter.php(904): App\Controllers\Ketos->update('0')
11 SYSTEMPATH\CodeIgniter.php(457): CodeIgniter\CodeIgniter->runController(Object(App\Controllers\Ketos))
12 SYSTEMPATH\CodeIgniter.php(340): CodeIgniter\CodeIgniter->handleRequest(null, Object(Config\Cache), false)
13 FCPATH\index.php(67): CodeIgniter\CodeIgniter->run()
14 SYSTEMPATH\Commands\Server\rewrite.php(43): require_once('FCPATH\\index.php')
CRITICAL - 2022-11-22 20:23:11 --> Undefined variable: namaSampul
in APPPATH\Controllers\Ketos.php on line 219.
 1 APPPATH\Controllers\Ketos.php(219): CodeIgniter\Debug\Exceptions->errorHandler(8, 'Undefined variable: namaSampul', 'APPPATH\\Controllers\\Ketos.php', 219, [...])
 2 SYSTEMPATH\CodeIgniter.php(904): App\Controllers\Ketos->update('0')
 3 SYSTEMPATH\CodeIgniter.php(457): CodeIgniter\CodeIgniter->runController(Object(App\Controllers\Ketos))
 4 SYSTEMPATH\CodeIgniter.php(340): CodeIgniter\CodeIgniter->handleRequest(null, Object(Config\Cache), false)
 5 FCPATH\index.php(67): CodeIgniter\CodeIgniter->run()
 6 SYSTEMPATH\Commands\Server\rewrite.php(43): require_once('FCPATH\\index.php')
ERROR - 2022-11-22 20:23:37 --> mysqli_sql_exception: Duplicate entry '0' for key 'PRIMARY' in C:\pwpb\pilketos\system\Database\MySQLi\Connection.php:292
Stack trace:
#0 C:\pwpb\pilketos\system\Database\MySQLi\Connection.php(292): mysqli->query('INSERT INTO `ke...', 0)
#1 C:\pwpb\pilketos\system\Database\BaseConnection.php(693): CodeIgniter\Database\MySQLi\Connection->execute('INSERT INTO `ke...')
#2 C:\pwpb\pilketos\system\Database\BaseConnection.php(620): CodeIgniter\Database\BaseConnection->simpleQuery('INSERT INTO `ke...')
#3 C:\pwpb\pilketos\system\Database\BaseBuilder.php(1916): CodeIgniter\Database\BaseConnection->query('INSERT INTO `ke...', Array, false)
#4 C:\pwpb\pilketos\system\Model.php(278): CodeIgniter\Database\BaseBuilder->insert()
#5 C:\pwpb\pilketos\system\BaseModel.php(738): CodeIgniter\Model->doInsert(Array)
#6 C:\pwpb\pilketos\system\Model.php(666): CodeIgniter\BaseModel->insert(Array, false)
#7 C:\pwpb\pilketos\system\BaseModel.php(658): CodeIgniter\Model->insert(Array, false)
#8 C:\pwpb\pilketos\app\Controllers\Ketos.php(219): CodeIgniter\BaseModel->save(Array)
#9 C:\pwpb\pilketos\system\CodeIgniter.php(904): App\Controllers\Ketos->update('0')
#10 C:\pwpb\pilketos\system\CodeIgniter.php(457): CodeIgniter\CodeIgniter->runController(Object(App\Controllers\Ketos))
#11 C:\pwpb\pilketos\system\CodeIgniter.php(340): CodeIgniter\CodeIgniter->handleRequest(NULL, Object(Config\Cache), false)
#12 C:\pwpb\pilketos\public\index.php(67): CodeIgniter\CodeIgniter->run()
#13 C:\pwpb\pilketos\system\Commands\Server\rewrite.php(43): require_once('C:\\pwpb\\pilketo...')
#14 {main}
CRITICAL - 2022-11-22 20:23:37 --> Duplicate entry '0' for key 'PRIMARY'
in SYSTEMPATH\Database\MySQLi\Connection.php on line 292.
 1 SYSTEMPATH\Database\MySQLi\Connection.php(292): mysqli->query('INSERT INTO `ketos` (`nama_kandidat`, `slug`, `kelas`, `visi`, `misi`) VALUES (\'Marklee\', \'marklee\', \'XI PPLG 2\', \'Mjadi ksayangan q\', \'Slalu ad di hati q\')', 0)
 2 SYSTEMPATH\Database\BaseConnection.php(693): CodeIgniter\Database\MySQLi\Connection->execute('INSERT INTO `ketos` (`nama_kandidat`, `slug`, `kelas`, `visi`, `misi`) VALUES (\'Marklee\', \'marklee\', \'XI PPLG 2\', \'Mjadi ksayangan q\', \'Slalu ad di hati q\')')
 3 SYSTEMPATH\Database\BaseConnection.php(620): CodeIgniter\Database\BaseConnection->simpleQuery('INSERT INTO `ketos` (`nama_kandidat`, `slug`, `kelas`, `visi`, `misi`) VALUES (\'Marklee\', \'marklee\', \'XI PPLG 2\', \'Mjadi ksayangan q\', \'Slalu ad di hati q\')')
 4 SYSTEMPATH\Database\BaseBuilder.php(1916): CodeIgniter\Database\BaseConnection->query('INSERT INTO `ketos` (`nama_kandidat`, `slug`, `kelas`, `visi`, `misi`) VALUES (:nama_kandidat:, :slug:, :kelas:, :visi:, :misi:)', [...], false)
 5 SYSTEMPATH\Model.php(278): CodeIgniter\Database\BaseBuilder->insert()
 6 SYSTEMPATH\BaseModel.php(738): CodeIgniter\Model->doInsert([...])
 7 SYSTEMPATH\Model.php(666): CodeIgniter\BaseModel->insert([...], false)
 8 SYSTEMPATH\BaseModel.php(658): CodeIgniter\Model->insert([...], false)
 9 APPPATH\Controllers\Ketos.php(219): CodeIgniter\BaseModel->save([...])
10 SYSTEMPATH\CodeIgniter.php(904): App\Controllers\Ketos->update('0')
11 SYSTEMPATH\CodeIgniter.php(457): CodeIgniter\CodeIgniter->runController(Object(App\Controllers\Ketos))
12 SYSTEMPATH\CodeIgniter.php(340): CodeIgniter\CodeIgniter->handleRequest(null, Object(Config\Cache), false)
13 FCPATH\index.php(67): CodeIgniter\CodeIgniter->run()
14 SYSTEMPATH\Commands\Server\rewrite.php(43): require_once('FCPATH\\index.php')
ERROR - 2022-11-22 20:29:36 --> mysqli_sql_exception: Duplicate entry '0' for key 'PRIMARY' in C:\pwpb\pilketos\system\Database\MySQLi\Connection.php:292
Stack trace:
#0 C:\pwpb\pilketos\system\Database\MySQLi\Connection.php(292): mysqli->query('INSERT INTO `ke...', 0)
#1 C:\pwpb\pilketos\system\Database\BaseConnection.php(693): CodeIgniter\Database\MySQLi\Connection->execute('INSERT INTO `ke...')
#2 C:\pwpb\pilketos\system\Database\BaseConnection.php(620): CodeIgniter\Database\BaseConnection->simpleQuery('INSERT INTO `ke...')
#3 C:\pwpb\pilketos\system\Database\BaseBuilder.php(1916): CodeIgniter\Database\BaseConnection->query('INSERT INTO `ke...', Array, false)
#4 C:\pwpb\pilketos\system\Model.php(278): CodeIgniter\Database\BaseBuilder->insert()
#5 C:\pwpb\pilketos\system\BaseModel.php(738): CodeIgniter\Model->doInsert(Array)
#6 C:\pwpb\pilketos\system\Model.php(666): CodeIgniter\BaseModel->insert(Array, false)
#7 C:\pwpb\pilketos\system\BaseModel.php(658): CodeIgniter\Model->insert(Array, false)
#8 C:\pwpb\pilketos\app\Controllers\Ketos.php(219): CodeIgniter\BaseModel->save(Array)
#9 C:\pwpb\pilketos\system\CodeIgniter.php(904): App\Controllers\Ketos->update('0')
#10 C:\pwpb\pilketos\system\CodeIgniter.php(457): CodeIgniter\CodeIgniter->runController(Object(App\Controllers\Ketos))
#11 C:\pwpb\pilketos\system\CodeIgniter.php(340): CodeIgniter\CodeIgniter->handleRequest(NULL, Object(Config\Cache), false)
#12 C:\pwpb\pilketos\public\index.php(67): CodeIgniter\CodeIgniter->run()
#13 C:\pwpb\pilketos\system\Commands\Server\rewrite.php(43): require_once('C:\\pwpb\\pilketo...')
#14 {main}
CRITICAL - 2022-11-22 20:29:36 --> Duplicate entry '0' for key 'PRIMARY'
in SYSTEMPATH\Database\MySQLi\Connection.php on line 292.
 1 SYSTEMPATH\Database\MySQLi\Connection.php(292): mysqli->query('INSERT INTO `ketos` (`nama_kandidat`, `slug`, `kelas`, `visi`, `misi`) VALUES (\'Marklee\', \'marklee\', \'XI PPLG 2\', \'Mjadi ksayangan q\', \'Slalu ad di hati q\')', 0)
 2 SYSTEMPATH\Database\BaseConnection.php(693): CodeIgniter\Database\MySQLi\Connection->execute('INSERT INTO `ketos` (`nama_kandidat`, `slug`, `kelas`, `visi`, `misi`) VALUES (\'Marklee\', \'marklee\', \'XI PPLG 2\', \'Mjadi ksayangan q\', \'Slalu ad di hati q\')')
 3 SYSTEMPATH\Database\BaseConnection.php(620): CodeIgniter\Database\BaseConnection->simpleQuery('INSERT INTO `ketos` (`nama_kandidat`, `slug`, `kelas`, `visi`, `misi`) VALUES (\'Marklee\', \'marklee\', \'XI PPLG 2\', \'Mjadi ksayangan q\', \'Slalu ad di hati q\')')
 4 SYSTEMPATH\Database\BaseBuilder.php(1916): CodeIgniter\Database\BaseConnection->query('INSERT INTO `ketos` (`nama_kandidat`, `slug`, `kelas`, `visi`, `misi`) VALUES (:nama_kandidat:, :slug:, :kelas:, :visi:, :misi:)', [...], false)
 5 SYSTEMPATH\Model.php(278): CodeIgniter\Database\BaseBuilder->insert()
 6 SYSTEMPATH\BaseModel.php(738): CodeIgniter\Model->doInsert([...])
 7 SYSTEMPATH\Model.php(666): CodeIgniter\BaseModel->insert([...], false)
 8 SYSTEMPATH\BaseModel.php(658): CodeIgniter\Model->insert([...], false)
 9 APPPATH\Controllers\Ketos.php(219): CodeIgniter\BaseModel->save([...])
10 SYSTEMPATH\CodeIgniter.php(904): App\Controllers\Ketos->update('0')
11 SYSTEMPATH\CodeIgniter.php(457): CodeIgniter\CodeIgniter->runController(Object(App\Controllers\Ketos))
12 SYSTEMPATH\CodeIgniter.php(340): CodeIgniter\CodeIgniter->handleRequest(null, Object(Config\Cache), false)
13 FCPATH\index.php(67): CodeIgniter\CodeIgniter->run()
14 SYSTEMPATH\Commands\Server\rewrite.php(43): require_once('FCPATH\\index.php')
ERROR - 2022-11-22 20:30:10 --> mysqli_sql_exception: Duplicate entry '0' for key 'PRIMARY' in C:\pwpb\pilketos\system\Database\MySQLi\Connection.php:292
Stack trace:
#0 C:\pwpb\pilketos\system\Database\MySQLi\Connection.php(292): mysqli->query('INSERT INTO `ke...', 0)
#1 C:\pwpb\pilketos\system\Database\BaseConnection.php(693): CodeIgniter\Database\MySQLi\Connection->execute('INSERT INTO `ke...')
#2 C:\pwpb\pilketos\system\Database\BaseConnection.php(620): CodeIgniter\Database\BaseConnection->simpleQuery('INSERT INTO `ke...')
#3 C:\pwpb\pilketos\system\Database\BaseBuilder.php(1916): CodeIgniter\Database\BaseConnection->query('INSERT INTO `ke...', Array, false)
#4 C:\pwpb\pilketos\system\Model.php(278): CodeIgniter\Database\BaseBuilder->insert()
#5 C:\pwpb\pilketos\system\BaseModel.php(738): CodeIgniter\Model->doInsert(Array)
#6 C:\pwpb\pilketos\system\Model.php(666): CodeIgniter\BaseModel->insert(Array, false)
#7 C:\pwpb\pilketos\system\BaseModel.php(658): CodeIgniter\Model->insert(Array, false)
#8 C:\pwpb\pilketos\app\Controllers\Ketos.php(219): CodeIgniter\BaseModel->save(Array)
#9 C:\pwpb\pilketos\system\CodeIgniter.php(904): App\Controllers\Ketos->update('0')
#10 C:\pwpb\pilketos\system\CodeIgniter.php(457): CodeIgniter\CodeIgniter->runController(Object(App\Controllers\Ketos))
#11 C:\pwpb\pilketos\system\CodeIgniter.php(340): CodeIgniter\CodeIgniter->handleRequest(NULL, Object(Config\Cache), false)
#12 C:\pwpb\pilketos\public\index.php(67): CodeIgniter\CodeIgniter->run()
#13 C:\pwpb\pilketos\system\Commands\Server\rewrite.php(43): require_once('C:\\pwpb\\pilketo...')
#14 {main}
CRITICAL - 2022-11-22 20:30:10 --> Duplicate entry '0' for key 'PRIMARY'
in SYSTEMPATH\Database\MySQLi\Connection.php on line 292.
 1 SYSTEMPATH\Database\MySQLi\Connection.php(292): mysqli->query('INSERT INTO `ketos` (`nama_kandidat`, `slug`, `kelas`, `visi`, `misi`) VALUES (\'Marklee\', \'marklee\', \'XI PPLG 2\', \'Mjadi ksayangan q\', \'Slalu ad di hati q\')', 0)
 2 SYSTEMPATH\Database\BaseConnection.php(693): CodeIgniter\Database\MySQLi\Connection->execute('INSERT INTO `ketos` (`nama_kandidat`, `slug`, `kelas`, `visi`, `misi`) VALUES (\'Marklee\', \'marklee\', \'XI PPLG 2\', \'Mjadi ksayangan q\', \'Slalu ad di hati q\')')
 3 SYSTEMPATH\Database\BaseConnection.php(620): CodeIgniter\Database\BaseConnection->simpleQuery('INSERT INTO `ketos` (`nama_kandidat`, `slug`, `kelas`, `visi`, `misi`) VALUES (\'Marklee\', \'marklee\', \'XI PPLG 2\', \'Mjadi ksayangan q\', \'Slalu ad di hati q\')')
 4 SYSTEMPATH\Database\BaseBuilder.php(1916): CodeIgniter\Database\BaseConnection->query('INSERT INTO `ketos` (`nama_kandidat`, `slug`, `kelas`, `visi`, `misi`) VALUES (:nama_kandidat:, :slug:, :kelas:, :visi:, :misi:)', [...], false)
 5 SYSTEMPATH\Model.php(278): CodeIgniter\Database\BaseBuilder->insert()
 6 SYSTEMPATH\BaseModel.php(738): CodeIgniter\Model->doInsert([...])
 7 SYSTEMPATH\Model.php(666): CodeIgniter\BaseModel->insert([...], false)
 8 SYSTEMPATH\BaseModel.php(658): CodeIgniter\Model->insert([...], false)
 9 APPPATH\Controllers\Ketos.php(219): CodeIgniter\BaseModel->save([...])
10 SYSTEMPATH\CodeIgniter.php(904): App\Controllers\Ketos->update('0')
11 SYSTEMPATH\CodeIgniter.php(457): CodeIgniter\CodeIgniter->runController(Object(App\Controllers\Ketos))
12 SYSTEMPATH\CodeIgniter.php(340): CodeIgniter\CodeIgniter->handleRequest(null, Object(Config\Cache), false)
13 FCPATH\index.php(67): CodeIgniter\CodeIgniter->run()
14 SYSTEMPATH\Commands\Server\rewrite.php(43): require_once('FCPATH\\index.php')
CRITICAL - 2022-11-22 20:30:36 --> unlink(img/): Is a directory
in APPPATH\Controllers\Ketos.php on line 206.
 1 [internal function]: CodeIgniter\Debug\Exceptions->errorHandler(2, 'unlink(img/): Is a directory', 'APPPATH\\Controllers\\Ketos.php', 206, [...])
 2 APPPATH\Controllers\Ketos.php(206): unlink('FCPATH\\img')
 3 SYSTEMPATH\CodeIgniter.php(904): App\Controllers\Ketos->update('0')
 4 SYSTEMPATH\CodeIgniter.php(457): CodeIgniter\CodeIgniter->runController(Object(App\Controllers\Ketos))
 5 SYSTEMPATH\CodeIgniter.php(340): CodeIgniter\CodeIgniter->handleRequest(null, Object(Config\Cache), false)
 6 FCPATH\index.php(67): CodeIgniter\CodeIgniter->run()
 7 SYSTEMPATH\Commands\Server\rewrite.php(43): require_once('FCPATH\\index.php')
CRITICAL - 2022-11-22 20:31:44 --> unlink(/img): No such file or directory
in APPPATH\Controllers\Ketos.php on line 206.
 1 [internal function]: CodeIgniter\Debug\Exceptions->errorHandler(2, 'unlink(/img): No such file or directory', 'APPPATH\\Controllers\\Ketos.php', 206, [...])
 2 APPPATH\Controllers\Ketos.php(206): unlink('/img')
 3 SYSTEMPATH\CodeIgniter.php(904): App\Controllers\Ketos->update('0')
 4 SYSTEMPATH\CodeIgniter.php(457): CodeIgniter\CodeIgniter->runController(Object(App\Controllers\Ketos))
 5 SYSTEMPATH\CodeIgniter.php(340): CodeIgniter\CodeIgniter->handleRequest(null, Object(Config\Cache), false)
 6 FCPATH\index.php(67): CodeIgniter\CodeIgniter->run()
 7 SYSTEMPATH\Commands\Server\rewrite.php(43): require_once('FCPATH\\index.php')
CRITICAL - 2022-11-22 20:32:16 --> unlink(/img): No such file or directory
in APPPATH\Controllers\Ketos.php on line 206.
 1 [internal function]: CodeIgniter\Debug\Exceptions->errorHandler(2, 'unlink(/img): No such file or directory', 'APPPATH\\Controllers\\Ketos.php', 206, [...])
 2 APPPATH\Controllers\Ketos.php(206): unlink('/img')
 3 SYSTEMPATH\CodeIgniter.php(904): App\Controllers\Ketos->update('0')
 4 SYSTEMPATH\CodeIgniter.php(457): CodeIgniter\CodeIgniter->runController(Object(App\Controllers\Ketos))
 5 SYSTEMPATH\CodeIgniter.php(340): CodeIgniter\CodeIgniter->handleRequest(null, Object(Config\Cache), false)
 6 FCPATH\index.php(67): CodeIgniter\CodeIgniter->run()
 7 SYSTEMPATH\Commands\Server\rewrite.php(43): require_once('FCPATH\\index.php')
CRITICAL - 2022-11-22 20:39:44 --> unlink(img/): Is a directory
in APPPATH\Controllers\Ketos.php on line 206.
 1 [internal function]: CodeIgniter\Debug\Exceptions->errorHandler(2, 'unlink(img/): Is a directory', 'APPPATH\\Controllers\\Ketos.php', 206, [...])
 2 APPPATH\Controllers\Ketos.php(206): unlink('FCPATH\\img')
 3 SYSTEMPATH\CodeIgniter.php(904): App\Controllers\Ketos->update('0')
 4 SYSTEMPATH\CodeIgniter.php(457): CodeIgniter\CodeIgniter->runController(Object(App\Controllers\Ketos))
 5 SYSTEMPATH\CodeIgniter.php(340): CodeIgniter\CodeIgniter->handleRequest(null, Object(Config\Cache), false)
 6 FCPATH\index.php(67): CodeIgniter\CodeIgniter->run()
 7 SYSTEMPATH\Commands\Server\rewrite.php(43): require_once('FCPATH\\index.php')
CRITICAL - 2022-11-22 20:44:55 --> unlink(img/): Is a directory
in APPPATH\Controllers\Ketos.php on line 206.
 1 [internal function]: CodeIgniter\Debug\Exceptions->errorHandler(2, 'unlink(img/): Is a directory', 'APPPATH\\Controllers\\Ketos.php', 206, [...])
 2 APPPATH\Controllers\Ketos.php(206): unlink('FCPATH\\img')
 3 SYSTEMPATH\CodeIgniter.php(904): App\Controllers\Ketos->update('0')
 4 SYSTEMPATH\CodeIgniter.php(457): CodeIgniter\CodeIgniter->runController(Object(App\Controllers\Ketos))
 5 SYSTEMPATH\CodeIgniter.php(340): CodeIgniter\CodeIgniter->handleRequest(null, Object(Config\Cache), false)
 6 FCPATH\index.php(67): CodeIgniter\CodeIgniter->run()
 7 SYSTEMPATH\Commands\Server\rewrite.php(43): require_once('FCPATH\\index.php')
CRITICAL - 2022-11-22 20:45:10 --> Trying to access array offset on value of type null
in APPPATH\Views\ketos\detail.php on line 10.
 1 APPPATH\Views\ketos\detail.php(10): CodeIgniter\Debug\Exceptions->errorHandler(8, 'Trying to access array offset on value of type null', 'APPPATH\\Views\\ketos\\detail.php', 10, [...])
 2 SYSTEMPATH\View\View.php(213): include('APPPATH\\Views\\ketos\\detail.php')
 3 SYSTEMPATH\View\View.php(216): CodeIgniter\View\View->CodeIgniter\View\{closure}()
 4 SYSTEMPATH\Common.php(1137): CodeIgniter\View\View->render('/ketos/detail', [], true)
 5 APPPATH\Controllers\Ketos.php(40): view('/ketos/detail', [...])
 6 SYSTEMPATH\CodeIgniter.php(904): App\Controllers\Ketos->detail('update', '1')
 7 SYSTEMPATH\CodeIgniter.php(457): CodeIgniter\CodeIgniter->runController(Object(App\Controllers\Ketos))
 8 SYSTEMPATH\CodeIgniter.php(340): CodeIgniter\CodeIgniter->handleRequest(null, Object(Config\Cache), false)
 9 FCPATH\index.php(67): CodeIgniter\CodeIgniter->run()
10 SYSTEMPATH\Commands\Server\rewrite.php(43): require_once('FCPATH\\index.php')
CRITICAL - 2022-11-22 20:45:45 --> unlink(img/): Is a directory
in APPPATH\Controllers\Ketos.php on line 206.
 1 [internal function]: CodeIgniter\Debug\Exceptions->errorHandler(2, 'unlink(img/): Is a directory', 'APPPATH\\Controllers\\Ketos.php', 206, [...])
 2 APPPATH\Controllers\Ketos.php(206): unlink('FCPATH\\img')
 3 SYSTEMPATH\CodeIgniter.php(904): App\Controllers\Ketos->update('0')
 4 SYSTEMPATH\CodeIgniter.php(457): CodeIgniter\CodeIgniter->runController(Object(App\Controllers\Ketos))
 5 SYSTEMPATH\CodeIgniter.php(340): CodeIgniter\CodeIgniter->handleRequest(null, Object(Config\Cache), false)
 6 FCPATH\index.php(67): CodeIgniter\CodeIgniter->run()
 7 SYSTEMPATH\Commands\Server\rewrite.php(43): require_once('FCPATH\\index.php')
CRITICAL - 2022-11-22 20:47:22 --> unlink(img/): Is a directory
in APPPATH\Controllers\Ketos.php on line 206.
 1 [internal function]: CodeIgniter\Debug\Exceptions->errorHandler(2, 'unlink(img/): Is a directory', 'APPPATH\\Controllers\\Ketos.php', 206, [...])
 2 APPPATH\Controllers\Ketos.php(206): unlink('FCPATH\\img')
 3 SYSTEMPATH\CodeIgniter.php(904): App\Controllers\Ketos->update('1')
 4 SYSTEMPATH\CodeIgniter.php(457): CodeIgniter\CodeIgniter->runController(Object(App\Controllers\Ketos))
 5 SYSTEMPATH\CodeIgniter.php(340): CodeIgniter\CodeIgniter->handleRequest(null, Object(Config\Cache), false)
 6 FCPATH\index.php(67): CodeIgniter\CodeIgniter->run()
 7 SYSTEMPATH\Commands\Server\rewrite.php(43): require_once('FCPATH\\index.php')
CRITICAL - 2022-11-22 21:35:07 --> Undefined index: judul
in APPPATH\Controllers\Ketos.php on line 167.
 1 APPPATH\Controllers\Ketos.php(167): CodeIgniter\Debug\Exceptions->errorHandler(8, 'Undefined index: judul', 'APPPATH\\Controllers\\Ketos.php', 167, [...])
 2 SYSTEMPATH\CodeIgniter.php(904): App\Controllers\Ketos->update('1')
 3 SYSTEMPATH\CodeIgniter.php(457): CodeIgniter\CodeIgniter->runController(Object(App\Controllers\Ketos))
 4 SYSTEMPATH\CodeIgniter.php(340): CodeIgniter\CodeIgniter->handleRequest(null, Object(Config\Cache), false)
 5 FCPATH\index.php(67): CodeIgniter\CodeIgniter->run()
 6 SYSTEMPATH\Commands\Server\rewrite.php(43): require_once('FCPATH\\index.php')
CRITICAL - 2022-11-22 21:35:43 --> unlink(img/): Is a directory
in APPPATH\Controllers\Ketos.php on line 206.
 1 [internal function]: CodeIgniter\Debug\Exceptions->errorHandler(2, 'unlink(img/): Is a directory', 'APPPATH\\Controllers\\Ketos.php', 206, [...])
 2 APPPATH\Controllers\Ketos.php(206): unlink('FCPATH\\img')
 3 SYSTEMPATH\CodeIgniter.php(904): App\Controllers\Ketos->update('1')
 4 SYSTEMPATH\CodeIgniter.php(457): CodeIgniter\CodeIgniter->runController(Object(App\Controllers\Ketos))
 5 SYSTEMPATH\CodeIgniter.php(340): CodeIgniter\CodeIgniter->handleRequest(null, Object(Config\Cache), false)
 6 FCPATH\index.php(67): CodeIgniter\CodeIgniter->run()
 7 SYSTEMPATH\Commands\Server\rewrite.php(43): require_once('FCPATH\\index.php')
CRITICAL - 2022-11-22 21:40:45 --> unlink(img/): Is a directory
in APPPATH\Controllers\Ketos.php on line 139.
 1 [internal function]: CodeIgniter\Debug\Exceptions->errorHandler(2, 'unlink(img/): Is a directory', 'APPPATH\\Controllers\\Ketos.php', 139, [...])
 2 APPPATH\Controllers\Ketos.php(139): unlink('FCPATH\\img')
 3 SYSTEMPATH\CodeIgniter.php(904): App\Controllers\Ketos->delete('1')
 4 SYSTEMPATH\CodeIgniter.php(457): CodeIgniter\CodeIgniter->runController(Object(App\Controllers\Ketos))
 5 SYSTEMPATH\CodeIgniter.php(340): CodeIgniter\CodeIgniter->handleRequest(null, Object(Config\Cache), false)
 6 FCPATH\index.php(67): CodeIgniter\CodeIgniter->run()
 7 SYSTEMPATH\Commands\Server\rewrite.php(43): require_once('FCPATH\\index.php')
CRITICAL - 2022-11-22 21:41:13 --> Trying to access array offset on value of type null
in APPPATH\Views\ketos\detail.php on line 10.
 1 APPPATH\Views\ketos\detail.php(10): CodeIgniter\Debug\Exceptions->errorHandler(8, 'Trying to access array offset on value of type null', 'APPPATH\\Views\\ketos\\detail.php', 10, [...])
 2 SYSTEMPATH\View\View.php(213): include('APPPATH\\Views\\ketos\\detail.php')
 3 SYSTEMPATH\View\View.php(216): CodeIgniter\View\View->CodeIgniter\View\{closure}()
 4 SYSTEMPATH\Common.php(1137): CodeIgniter\View\View->render('/ketos/detail', [], true)
 5 APPPATH\Controllers\Ketos.php(40): view('/ketos/detail', [...])
 6 SYSTEMPATH\CodeIgniter.php(904): App\Controllers\Ketos->detail('marklee')
 7 SYSTEMPATH\CodeIgniter.php(457): CodeIgniter\CodeIgniter->runController(Object(App\Controllers\Ketos))
 8 SYSTEMPATH\CodeIgniter.php(340): CodeIgniter\CodeIgniter->handleRequest(null, Object(Config\Cache), false)
 9 FCPATH\index.php(67): CodeIgniter\CodeIgniter->run()
10 SYSTEMPATH\Commands\Server\rewrite.php(43): require_once('FCPATH\\index.php')
ERROR - 2022-11-22 21:58:38 --> mysqli_sql_exception: Column 'sampul' cannot be null in C:\pwpb\pilketos\system\Database\MySQLi\Connection.php:292
Stack trace:
#0 C:\pwpb\pilketos\system\Database\MySQLi\Connection.php(292): mysqli->query('INSERT INTO `ke...', 0)
#1 C:\pwpb\pilketos\system\Database\BaseConnection.php(693): CodeIgniter\Database\MySQLi\Connection->execute('INSERT INTO `ke...')
#2 C:\pwpb\pilketos\system\Database\BaseConnection.php(620): CodeIgniter\Database\BaseConnection->simpleQuery('INSERT INTO `ke...')
#3 C:\pwpb\pilketos\system\Database\BaseBuilder.php(1916): CodeIgniter\Database\BaseConnection->query('INSERT INTO `ke...', Array, false)
#4 C:\pwpb\pilketos\system\Model.php(278): CodeIgniter\Database\BaseBuilder->insert()
#5 C:\pwpb\pilketos\system\BaseModel.php(738): CodeIgniter\Model->doInsert(Array)
#6 C:\pwpb\pilketos\system\Model.php(666): CodeIgniter\BaseModel->insert(Array, false)
#7 C:\pwpb\pilketos\system\BaseModel.php(658): CodeIgniter\Model->insert(Array, false)
#8 C:\pwpb\pilketos\app\Controllers\Ketos.php(219): CodeIgniter\BaseModel->save(Array)
#9 C:\pwpb\pilketos\system\CodeIgniter.php(904): App\Controllers\Ketos->update('0')
#10 C:\pwpb\pilketos\system\CodeIgniter.php(457): CodeIgniter\CodeIgniter->runController(Object(App\Controllers\Ketos))
#11 C:\pwpb\pilketos\system\CodeIgniter.php(340): CodeIgniter\CodeIgniter->handleRequest(NULL, Object(Config\Cache), false)
#12 C:\pwpb\pilketos\public\index.php(67): CodeIgniter\CodeIgniter->run()
#13 C:\pwpb\pilketos\system\Commands\Server\rewrite.php(43): require_once('C:\\pwpb\\pilketo...')
#14 {main}
CRITICAL - 2022-11-22 21:58:38 --> Column 'sampul' cannot be null
in SYSTEMPATH\Database\MySQLi\Connection.php on line 292.
 1 SYSTEMPATH\Database\MySQLi\Connection.php(292): mysqli->query('INSERT INTO `ketos` (`nama_kandidat`, `slug`, `kelas`, `visi`, `misi`, `sampul`) VALUES (\'Marklee\', \'marklee\', \'XI PPLG 2\', \'Mjadi ksayangan q\', \'Slalu ad di hati q\', NULL)', 0)
 2 SYSTEMPATH\Database\BaseConnection.php(693): CodeIgniter\Database\MySQLi\Connection->execute('INSERT INTO `ketos` (`nama_kandidat`, `slug`, `kelas`, `visi`, `misi`, `sampul`) VALUES (\'Marklee\', \'marklee\', \'XI PPLG 2\', \'Mjadi ksayangan q\', \'Slalu ad di hati q\', NULL)')
 3 SYSTEMPATH\Database\BaseConnection.php(620): CodeIgniter\Database\BaseConnection->simpleQuery('INSERT INTO `ketos` (`nama_kandidat`, `slug`, `kelas`, `visi`, `misi`, `sampul`) VALUES (\'Marklee\', \'marklee\', \'XI PPLG 2\', \'Mjadi ksayangan q\', \'Slalu ad di hati q\', NULL)')
 4 SYSTEMPATH\Database\BaseBuilder.php(1916): CodeIgniter\Database\BaseConnection->query('INSERT INTO `ketos` (`nama_kandidat`, `slug`, `kelas`, `visi`, `misi`, `sampul`) VALUES (:nama_kandidat:, :slug:, :kelas:, :visi:, :misi:, :sampul:)', [...], false)
 5 SYSTEMPATH\Model.php(278): CodeIgniter\Database\BaseBuilder->insert()
 6 SYSTEMPATH\BaseModel.php(738): CodeIgniter\Model->doInsert([...])
 7 SYSTEMPATH\Model.php(666): CodeIgniter\BaseModel->insert([...], false)
 8 SYSTEMPATH\BaseModel.php(658): CodeIgniter\Model->insert([...], false)
 9 APPPATH\Controllers\Ketos.php(219): CodeIgniter\BaseModel->save([...])
10 SYSTEMPATH\CodeIgniter.php(904): App\Controllers\Ketos->update('0')
11 SYSTEMPATH\CodeIgniter.php(457): CodeIgniter\CodeIgniter->runController(Object(App\Controllers\Ketos))
12 SYSTEMPATH\CodeIgniter.php(340): CodeIgniter\CodeIgniter->handleRequest(null, Object(Config\Cache), false)
13 FCPATH\index.php(67): CodeIgniter\CodeIgniter->run()
14 SYSTEMPATH\Commands\Server\rewrite.php(43): require_once('FCPATH\\index.php')
CRITICAL - 2022-11-22 22:07:18 --> Deletes are not allowed unless they contain a "where" or "like" clause.
in SYSTEMPATH\Database\BaseBuilder.php on line 2366.
 1 SYSTEMPATH\Model.php(400): CodeIgniter\Database\BaseBuilder->delete()
 2 SYSTEMPATH\BaseModel.php(963): CodeIgniter\Model->doDelete('0', false)
 3 APPPATH\Controllers\Ketos.php(142): CodeIgniter\BaseModel->delete('0')
 4 SYSTEMPATH\CodeIgniter.php(904): App\Controllers\Ketos->delete('0')
 5 SYSTEMPATH\CodeIgniter.php(457): CodeIgniter\CodeIgniter->runController(Object(App\Controllers\Ketos))
 6 SYSTEMPATH\CodeIgniter.php(340): CodeIgniter\CodeIgniter->handleRequest(null, Object(Config\Cache), false)
 7 FCPATH\index.php(67): CodeIgniter\CodeIgniter->run()
 8 SYSTEMPATH\Commands\Server\rewrite.php(43): require_once('FCPATH\\index.php')
