ERROR - 2022-11-12 07:16:58 --> mysqli_sql_exception: You have an error in your SQL syntax; check the manual that corresponds to your MariaDB server version for the right syntax to use near 'NOT NULL,
	`alamat` VARCHAR NOT NULL,
	`created_at` DATETIME NULL,
	`updated_...' at line 3 in C:\pwpb\rpl2azzy\system\Database\MySQLi\Connection.php:292
Stack trace:
#0 C:\pwpb\rpl2azzy\system\Database\MySQLi\Connection.php(292): mysqli->query('CREATE TABLE `o...', 0)
#1 C:\pwpb\rpl2azzy\system\Database\BaseConnection.php(693): CodeIgniter\Database\MySQLi\Connection->execute('CREATE TABLE `o...')
#2 C:\pwpb\rpl2azzy\system\Database\BaseConnection.php(620): CodeIgniter\Database\BaseConnection->simpleQuery('CREATE TABLE `o...')
#3 C:\pwpb\rpl2azzy\system\Database\Forge.php(509): CodeIgniter\Database\BaseConnection->query('CREATE TABLE `o...')
#4 C:\pwpb\rpl2azzy\app\Database\Migrations\2022-11-12-130241_Orang.php(36): CodeIgniter\Database\Forge->createTable('orang')
#5 C:\pwpb\rpl2azzy\system\Database\MigrationRunner.php(868): App\Database\Migrations\Orang->up()
#6 C:\pwpb\rpl2azzy\system\Database\MigrationRunner.php(187): CodeIgniter\Database\MigrationRunner->migrate('up', Object(stdClass))
#7 C:\pwpb\rpl2azzy\system\Commands\Database\Migrate.php(84): CodeIgniter\Database\MigrationRunner->latest(NULL)
#8 C:\pwpb\rpl2azzy\system\CLI\Commands.php(63): CodeIgniter\Commands\Database\Migrate->run(Array)
#9 C:\pwpb\rpl2azzy\system\CLI\CommandRunner.php(65): CodeIgniter\CLI\Commands->run('migrate', Array)
#10 C:\pwpb\rpl2azzy\system\CLI\CommandRunner.php(51): CodeIgniter\CLI\CommandRunner->index(Array)
#11 C:\pwpb\rpl2azzy\system\CodeIgniter.php(897): CodeIgniter\CLI\CommandRunner->_remap('index', Array)
#12 C:\pwpb\rpl2azzy\system\CodeIgniter.php(457): CodeIgniter\CodeIgniter->runController(Object(CodeIgniter\CLI\CommandRunner))
#13 C:\pwpb\rpl2azzy\system\CodeIgniter.php(336): CodeIgniter\CodeIgniter->handleRequest(NULL, Object(Config\Cache), false)
#14 C:\pwpb\rpl2azzy\system\CLI\Console.php(48): CodeIgniter\CodeIgniter->run()
#15 C:\pwpb\rpl2azzy\spark(98): CodeIgniter\CLI\Console->run()
#16 {main}
ERROR - 2022-11-12 07:19:29 --> mysqli_sql_exception: You have an error in your SQL syntax; check the manual that corresponds to your MariaDB server version for the right syntax to use near 'NOT NULL,
	`alamat` TEXT NOT NULL,
	`created_at` DATETIME NULL,
	`updated_at`...' at line 3 in C:\pwpb\rpl2azzy\system\Database\MySQLi\Connection.php:292
Stack trace:
#0 C:\pwpb\rpl2azzy\system\Database\MySQLi\Connection.php(292): mysqli->query('CREATE TABLE `o...', 0)
#1 C:\pwpb\rpl2azzy\system\Database\BaseConnection.php(693): CodeIgniter\Database\MySQLi\Connection->execute('CREATE TABLE `o...')
#2 C:\pwpb\rpl2azzy\system\Database\BaseConnection.php(620): CodeIgniter\Database\BaseConnection->simpleQuery('CREATE TABLE `o...')
#3 C:\pwpb\rpl2azzy\system\Database\Forge.php(509): CodeIgniter\Database\BaseConnection->query('CREATE TABLE `o...')
#4 C:\pwpb\rpl2azzy\app\Database\Migrations\2022-11-12-130241_Orang.php(35): CodeIgniter\Database\Forge->createTable('orang')
#5 C:\pwpb\rpl2azzy\system\Database\MigrationRunner.php(868): App\Database\Migrations\Orang->up()
#6 C:\pwpb\rpl2azzy\system\Database\MigrationRunner.php(187): CodeIgniter\Database\MigrationRunner->migrate('up', Object(stdClass))
#7 C:\pwpb\rpl2azzy\system\Commands\Database\Migrate.php(84): CodeIgniter\Database\MigrationRunner->latest(NULL)
#8 C:\pwpb\rpl2azzy\system\CLI\Commands.php(63): CodeIgniter\Commands\Database\Migrate->run(Array)
#9 C:\pwpb\rpl2azzy\system\CLI\CommandRunner.php(65): CodeIgniter\CLI\Commands->run('migrate', Array)
#10 C:\pwpb\rpl2azzy\system\CLI\CommandRunner.php(51): CodeIgniter\CLI\CommandRunner->index(Array)
#11 C:\pwpb\rpl2azzy\system\CodeIgniter.php(897): CodeIgniter\CLI\CommandRunner->_remap('index', Array)
#12 C:\pwpb\rpl2azzy\system\CodeIgniter.php(457): CodeIgniter\CodeIgniter->runController(Object(CodeIgniter\CLI\CommandRunner))
#13 C:\pwpb\rpl2azzy\system\CodeIgniter.php(336): CodeIgniter\CodeIgniter->handleRequest(NULL, Object(Config\Cache), false)
#14 C:\pwpb\rpl2azzy\system\CLI\Console.php(48): CodeIgniter\CodeIgniter->run()
#15 C:\pwpb\rpl2azzy\spark(98): CodeIgniter\CLI\Console->run()
#16 {main}
ERROR - 2022-11-12 07:22:50 --> mysqli_sql_exception: You have an error in your SQL syntax; check the manual that corresponds to your MariaDB server version for the right syntax to use near 'NOT NULL,
	`alamat` TEXT NOT NULL,
	`created_at` DATETIME NULL,
	`updated_at`...' at line 3 in C:\pwpb\rpl2azzy\system\Database\MySQLi\Connection.php:292
Stack trace:
#0 C:\pwpb\rpl2azzy\system\Database\MySQLi\Connection.php(292): mysqli->query('CREATE TABLE `o...', 0)
#1 C:\pwpb\rpl2azzy\system\Database\BaseConnection.php(693): CodeIgniter\Database\MySQLi\Connection->execute('CREATE TABLE `o...')
#2 C:\pwpb\rpl2azzy\system\Database\BaseConnection.php(620): CodeIgniter\Database\BaseConnection->simpleQuery('CREATE TABLE `o...')
#3 C:\pwpb\rpl2azzy\system\Database\Forge.php(509): CodeIgniter\Database\BaseConnection->query('CREATE TABLE `o...')
#4 C:\pwpb\rpl2azzy\app\Database\Migrations\2022-11-12-130241_Orang.php(35): CodeIgniter\Database\Forge->createTable('orang')
#5 C:\pwpb\rpl2azzy\system\Database\MigrationRunner.php(868): App\Database\Migrations\Orang->up()
#6 C:\pwpb\rpl2azzy\system\Database\MigrationRunner.php(187): CodeIgniter\Database\MigrationRunner->migrate('up', Object(stdClass))
#7 C:\pwpb\rpl2azzy\system\Commands\Database\Migrate.php(84): CodeIgniter\Database\MigrationRunner->latest(NULL)
#8 C:\pwpb\rpl2azzy\system\CLI\Commands.php(63): CodeIgniter\Commands\Database\Migrate->run(Array)
#9 C:\pwpb\rpl2azzy\system\CLI\CommandRunner.php(65): CodeIgniter\CLI\Commands->run('migrate', Array)
#10 C:\pwpb\rpl2azzy\system\CLI\CommandRunner.php(51): CodeIgniter\CLI\CommandRunner->index(Array)
#11 C:\pwpb\rpl2azzy\system\CodeIgniter.php(897): CodeIgniter\CLI\CommandRunner->_remap('index', Array)
#12 C:\pwpb\rpl2azzy\system\CodeIgniter.php(457): CodeIgniter\CodeIgniter->runController(Object(CodeIgniter\CLI\CommandRunner))
#13 C:\pwpb\rpl2azzy\system\CodeIgniter.php(336): CodeIgniter\CodeIgniter->handleRequest(NULL, Object(Config\Cache), false)
#14 C:\pwpb\rpl2azzy\system\CLI\Console.php(48): CodeIgniter\CodeIgniter->run()
#15 C:\pwpb\rpl2azzy\spark(98): CodeIgniter\CLI\Console->run()
#16 {main}
CRITICAL - 2022-11-12 18:39:12 --> Class 'App\Models\OrangModel' not found
in APPPATH\Controllers\Orang.php on line 11.
 1 SYSTEMPATH\CodeIgniter.php(866): App\Controllers\Orang->__construct()
 2 SYSTEMPATH\CodeIgniter.php(448): CodeIgniter\CodeIgniter->createController()
 3 SYSTEMPATH\CodeIgniter.php(340): CodeIgniter\CodeIgniter->handleRequest(null, Object(Config\Cache), false)
 4 FCPATH\index.php(67): CodeIgniter\CodeIgniter->run()
 5 SYSTEMPATH\Commands\Server\rewrite.php(43): require_once('FCPATH\\index.php')
CRITICAL - 2022-11-12 18:47:02 --> Class 'App\Models\OrangModel' not found
in APPPATH\Controllers\Orang.php on line 11.
 1 SYSTEMPATH\CodeIgniter.php(866): App\Controllers\Orang->__construct()
 2 SYSTEMPATH\CodeIgniter.php(448): CodeIgniter\CodeIgniter->createController()
 3 SYSTEMPATH\CodeIgniter.php(340): CodeIgniter\CodeIgniter->handleRequest(null, Object(Config\Cache), false)
 4 FCPATH\index.php(67): CodeIgniter\CodeIgniter->run()
 5 SYSTEMPATH\Commands\Server\rewrite.php(43): require_once('FCPATH\\index.php')
CRITICAL - 2022-11-12 18:47:06 --> Class 'App\Models\OrangModel' not found
in APPPATH\Controllers\Orang.php on line 11.
 1 SYSTEMPATH\CodeIgniter.php(866): App\Controllers\Orang->__construct()
 2 SYSTEMPATH\CodeIgniter.php(448): CodeIgniter\CodeIgniter->createController()
 3 SYSTEMPATH\CodeIgniter.php(340): CodeIgniter\CodeIgniter->handleRequest(null, Object(Config\Cache), false)
 4 FCPATH\index.php(67): CodeIgniter\CodeIgniter->run()
 5 SYSTEMPATH\Commands\Server\rewrite.php(43): require_once('FCPATH\\index.php')
