CRITICAL - 2022-09-19 20:12:05 --> Undefined variable $buku2
in APPPATH\Views\buku\index.php on line 20.
 1 APPPATH\Views\buku\index.php(20): CodeIgniter\Debug\Exceptions->errorHandler(2, 'Undefined variable $buku2', 'APPPATH\\Views\\buku\\index.php', 20)
 2 SYSTEMPATH\View\View.php(213): include('APPPATH\\Views\\buku\\index.php')
 3 SYSTEMPATH\View\View.php(216): CodeIgniter\View\View->CodeIgniter\View\{closure}()
 4 SYSTEMPATH\Common.php(1137): CodeIgniter\View\View->render('buku/index', [], true)
 5 APPPATH\Controllers\Buku.php(21): view('buku/index', [...])
 6 SYSTEMPATH\CodeIgniter.php(904): App\Controllers\Buku->index()
 7 SYSTEMPATH\CodeIgniter.php(457): CodeIgniter\CodeIgniter->runController(Object(App\Controllers\Buku))
 8 SYSTEMPATH\CodeIgniter.php(340): CodeIgniter\CodeIgniter->handleRequest(null, Object(Config\Cache), false)
 9 FCPATH\index.php(67): CodeIgniter\CodeIgniter->run()
10 SYSTEMPATH\Commands\Server\rewrite.php(43): require_once('FCPATH\\index.php')
CRITICAL - 2022-09-19 20:12:12 --> Undefined variable $buku2
in APPPATH\Views\buku\index.php on line 20.
 1 APPPATH\Views\buku\index.php(20): CodeIgniter\Debug\Exceptions->errorHandler(2, 'Undefined variable $buku2', 'APPPATH\\Views\\buku\\index.php', 20)
 2 SYSTEMPATH\View\View.php(213): include('APPPATH\\Views\\buku\\index.php')
 3 SYSTEMPATH\View\View.php(216): CodeIgniter\View\View->CodeIgniter\View\{closure}()
 4 SYSTEMPATH\Common.php(1137): CodeIgniter\View\View->render('buku/index', [], true)
 5 APPPATH\Controllers\Buku.php(21): view('buku/index', [...])
 6 SYSTEMPATH\CodeIgniter.php(904): App\Controllers\Buku->index()
 7 SYSTEMPATH\CodeIgniter.php(457): CodeIgniter\CodeIgniter->runController(Object(App\Controllers\Buku))
 8 SYSTEMPATH\CodeIgniter.php(340): CodeIgniter\CodeIgniter->handleRequest(null, Object(Config\Cache), false)
 9 FCPATH\index.php(67): CodeIgniter\CodeIgniter->run()
10 SYSTEMPATH\Commands\Server\rewrite.php(43): require_once('FCPATH\\index.php')
CRITICAL - 2022-09-19 20:13:58 --> url_title(): Argument #1 ($str) must be of type string, null given, called in C:\xampp\htdocs\rpl2azzy\app\Controllers\Buku.php on line 44
in SYSTEMPATH\Helpers\url_helper.php on line 475.
 1 APPPATH\Controllers\Buku.php(44): url_title(null, '-', true)
 2 SYSTEMPATH\CodeIgniter.php(904): App\Controllers\Buku->save()
 3 SYSTEMPATH\CodeIgniter.php(457): CodeIgniter\CodeIgniter->runController(Object(App\Controllers\Buku))
 4 SYSTEMPATH\CodeIgniter.php(340): CodeIgniter\CodeIgniter->handleRequest(null, Object(Config\Cache), false)
 5 FCPATH\index.php(67): CodeIgniter\CodeIgniter->run()
 6 SYSTEMPATH\Commands\Server\rewrite.php(43): require_once('FCPATH\\index.php')
CRITICAL - 2022-09-19 20:17:04 --> syntax error, unexpected token "{", expecting "function" or "const"
in APPPATH\Controllers\Buku.php on line 9.
 1 SYSTEMPATH\Autoloader\Autoloader.php(259): CodeIgniter\Autoloader\Autoloader->includeFile('APPPATH\\Controllers\\Buku.php')
 2 SYSTEMPATH\Autoloader\Autoloader.php(237): CodeIgniter\Autoloader\Autoloader->loadInNamespace('App\\Controllers\\Buku')
 3 [internal function]: CodeIgniter\Autoloader\Autoloader->loadClass('App\\Controllers\\Buku')
 4 SYSTEMPATH\CodeIgniter.php(854): class_exists('\\App\\Controllers\\Buku', true)
 5 SYSTEMPATH\CodeIgniter.php(444): CodeIgniter\CodeIgniter->startController()
 6 SYSTEMPATH\CodeIgniter.php(340): CodeIgniter\CodeIgniter->handleRequest(null, Object(Config\Cache), false)
 7 FCPATH\index.php(67): CodeIgniter\CodeIgniter->run()
 8 SYSTEMPATH\Commands\Server\rewrite.php(43): require_once('FCPATH\\index.php')
CRITICAL - 2022-09-19 20:17:06 --> syntax error, unexpected token "{", expecting "function" or "const"
in APPPATH\Controllers\Buku.php on line 9.
 1 SYSTEMPATH\Router\Router.php(499): CodeIgniter\Router\AutoRouter->getRoute('buku')
 2 SYSTEMPATH\Router\Router.php(205): CodeIgniter\Router\Router->autoRoute('buku')
 3 SYSTEMPATH\CodeIgniter.php(779): CodeIgniter\Router\Router->handle('buku')
 4 SYSTEMPATH\CodeIgniter.php(406): CodeIgniter\CodeIgniter->tryToRouteIt(Object(CodeIgniter\Router\RouteCollection))
 5 SYSTEMPATH\CodeIgniter.php(340): CodeIgniter\CodeIgniter->handleRequest(null, Object(Config\Cache), false)
 6 FCPATH\index.php(67): CodeIgniter\CodeIgniter->run()
 7 SYSTEMPATH\Commands\Server\rewrite.php(43): require_once('FCPATH\\index.php')
ERROR - 2022-09-19 20:19:27 --> mysqli_sql_exception: Column 'judul' cannot be null in C:\xampp\htdocs\rpl2azzy\system\Database\MySQLi\Connection.php:292
Stack trace:
#0 C:\xampp\htdocs\rpl2azzy\system\Database\MySQLi\Connection.php(292): mysqli->query('INSERT INTO `bu...', 0)
#1 C:\xampp\htdocs\rpl2azzy\system\Database\BaseConnection.php(693): CodeIgniter\Database\MySQLi\Connection->execute('INSERT INTO `bu...')
#2 C:\xampp\htdocs\rpl2azzy\system\Database\BaseConnection.php(620): CodeIgniter\Database\BaseConnection->simpleQuery('INSERT INTO `bu...')
#3 C:\xampp\htdocs\rpl2azzy\system\Database\BaseBuilder.php(1916): CodeIgniter\Database\BaseConnection->query('INSERT INTO `bu...', Array, false)
#4 C:\xampp\htdocs\rpl2azzy\system\Model.php(278): CodeIgniter\Database\BaseBuilder->insert()
#5 C:\xampp\htdocs\rpl2azzy\system\BaseModel.php(738): CodeIgniter\Model->doInsert(Array)
#6 C:\xampp\htdocs\rpl2azzy\system\Model.php(666): CodeIgniter\BaseModel->insert(Array, false)
#7 C:\xampp\htdocs\rpl2azzy\system\BaseModel.php(658): CodeIgniter\Model->insert(Array, false)
#8 C:\xampp\htdocs\rpl2azzy\app\Controllers\Buku.php(51): CodeIgniter\BaseModel->save(Array)
#9 C:\xampp\htdocs\rpl2azzy\system\CodeIgniter.php(904): App\Controllers\Buku->save()
#10 C:\xampp\htdocs\rpl2azzy\system\CodeIgniter.php(457): CodeIgniter\CodeIgniter->runController(Object(App\Controllers\Buku))
#11 C:\xampp\htdocs\rpl2azzy\system\CodeIgniter.php(340): CodeIgniter\CodeIgniter->handleRequest(NULL, Object(Config\Cache), false)
#12 C:\xampp\htdocs\rpl2azzy\public\index.php(67): CodeIgniter\CodeIgniter->run()
#13 C:\xampp\htdocs\rpl2azzy\system\Commands\Server\rewrite.php(43): require_once('C:\\xampp\\htdocs...')
#14 {main}
CRITICAL - 2022-09-19 20:19:27 --> Column 'judul' cannot be null
in SYSTEMPATH\Database\MySQLi\Connection.php on line 292.
 1 SYSTEMPATH\Database\MySQLi\Connection.php(292): mysqli->query('INSERT INTO `buku` (`judul`, `penulis`, `penerbit`, `sampul`) VALUES (NULL, NULL, NULL, NULL)', 0)
 2 SYSTEMPATH\Database\BaseConnection.php(693): CodeIgniter\Database\MySQLi\Connection->execute('INSERT INTO `buku` (`judul`, `penulis`, `penerbit`, `sampul`) VALUES (NULL, NULL, NULL, NULL)')
 3 SYSTEMPATH\Database\BaseConnection.php(620): CodeIgniter\Database\BaseConnection->simpleQuery('INSERT INTO `buku` (`judul`, `penulis`, `penerbit`, `sampul`) VALUES (NULL, NULL, NULL, NULL)')
 4 SYSTEMPATH\Database\BaseBuilder.php(1916): CodeIgniter\Database\BaseConnection->query('INSERT INTO `buku` (`judul`, `penulis`, `penerbit`, `sampul`) VALUES (:judul:, :penulis:, :penerbit:, :sampul:)', [...], false)
 5 SYSTEMPATH\Model.php(278): CodeIgniter\Database\BaseBuilder->insert()
 6 SYSTEMPATH\BaseModel.php(738): CodeIgniter\Model->doInsert([...])
 7 SYSTEMPATH\Model.php(666): CodeIgniter\BaseModel->insert([...], false)
 8 SYSTEMPATH\BaseModel.php(658): CodeIgniter\Model->insert([...], false)
 9 APPPATH\Controllers\Buku.php(51): CodeIgniter\BaseModel->save([...])
10 SYSTEMPATH\CodeIgniter.php(904): App\Controllers\Buku->save()
11 SYSTEMPATH\CodeIgniter.php(457): CodeIgniter\CodeIgniter->runController(Object(App\Controllers\Buku))
12 SYSTEMPATH\CodeIgniter.php(340): CodeIgniter\CodeIgniter->handleRequest(null, Object(Config\Cache), false)
13 FCPATH\index.php(67): CodeIgniter\CodeIgniter->run()
14 SYSTEMPATH\Commands\Server\rewrite.php(43): require_once('FCPATH\\index.php')
CRITICAL - 2022-09-19 20:22:16 --> url_title(): Argument #1 ($str) must be of type string, null given, called in C:\xampp\htdocs\rpl2azzy\app\Controllers\Buku.php on line 44
in SYSTEMPATH\Helpers\url_helper.php on line 475.
 1 APPPATH\Controllers\Buku.php(44): url_title(null, '-', true)
 2 SYSTEMPATH\CodeIgniter.php(904): App\Controllers\Buku->save()
 3 SYSTEMPATH\CodeIgniter.php(457): CodeIgniter\CodeIgniter->runController(Object(App\Controllers\Buku))
 4 SYSTEMPATH\CodeIgniter.php(340): CodeIgniter\CodeIgniter->handleRequest(null, Object(Config\Cache), false)
 5 FCPATH\index.php(67): CodeIgniter\CodeIgniter->run()
 6 SYSTEMPATH\Commands\Server\rewrite.php(43): require_once('FCPATH\\index.php')
CRITICAL - 2022-09-19 20:23:31 --> url_title(): Argument #1 ($str) must be of type string, null given, called in C:\xampp\htdocs\rpl2azzy\app\Controllers\Buku.php on line 44
in SYSTEMPATH\Helpers\url_helper.php on line 475.
 1 APPPATH\Controllers\Buku.php(44): url_title(null, '-', true)
 2 SYSTEMPATH\CodeIgniter.php(904): App\Controllers\Buku->save()
 3 SYSTEMPATH\CodeIgniter.php(457): CodeIgniter\CodeIgniter->runController(Object(App\Controllers\Buku))
 4 SYSTEMPATH\CodeIgniter.php(340): CodeIgniter\CodeIgniter->handleRequest(null, Object(Config\Cache), false)
 5 FCPATH\index.php(67): CodeIgniter\CodeIgniter->run()
 6 SYSTEMPATH\Commands\Server\rewrite.php(43): require_once('FCPATH\\index.php')
CRITICAL - 2022-09-19 20:25:40 --> url_title(): Argument #1 ($str) must be of type string, null given, called in C:\xampp\htdocs\rpl2azzy\app\Controllers\Buku.php on line 44
in SYSTEMPATH\Helpers\url_helper.php on line 475.
 1 APPPATH\Controllers\Buku.php(44): url_title(null, '-', true)
 2 SYSTEMPATH\CodeIgniter.php(904): App\Controllers\Buku->save()
 3 SYSTEMPATH\CodeIgniter.php(457): CodeIgniter\CodeIgniter->runController(Object(App\Controllers\Buku))
 4 SYSTEMPATH\CodeIgniter.php(340): CodeIgniter\CodeIgniter->handleRequest(null, Object(Config\Cache), false)
 5 FCPATH\index.php(67): CodeIgniter\CodeIgniter->run()
 6 SYSTEMPATH\Commands\Server\rewrite.php(43): require_once('FCPATH\\index.php')
CRITICAL - 2022-09-19 20:26:22 --> url_title(): Argument #1 ($str) must be of type string, null given, called in C:\xampp\htdocs\rpl2azzy\app\Controllers\Buku.php on line 44
in SYSTEMPATH\Helpers\url_helper.php on line 475.
 1 APPPATH\Controllers\Buku.php(44): url_title(null, true)
 2 SYSTEMPATH\CodeIgniter.php(904): App\Controllers\Buku->save()
 3 SYSTEMPATH\CodeIgniter.php(457): CodeIgniter\CodeIgniter->runController(Object(App\Controllers\Buku))
 4 SYSTEMPATH\CodeIgniter.php(340): CodeIgniter\CodeIgniter->handleRequest(null, Object(Config\Cache), false)
 5 FCPATH\index.php(67): CodeIgniter\CodeIgniter->run()
 6 SYSTEMPATH\Commands\Server\rewrite.php(43): require_once('FCPATH\\index.php')
CRITICAL - 2022-09-19 20:26:50 --> url_title(): Argument #1 ($str) must be of type string, null given, called in C:\xampp\htdocs\rpl2azzy\app\Controllers\Buku.php on line 44
in SYSTEMPATH\Helpers\url_helper.php on line 475.
 1 APPPATH\Controllers\Buku.php(44): url_title(null, true)
 2 SYSTEMPATH\CodeIgniter.php(904): App\Controllers\Buku->save()
 3 SYSTEMPATH\CodeIgniter.php(457): CodeIgniter\CodeIgniter->runController(Object(App\Controllers\Buku))
 4 SYSTEMPATH\CodeIgniter.php(340): CodeIgniter\CodeIgniter->handleRequest(null, Object(Config\Cache), false)
 5 FCPATH\index.php(67): CodeIgniter\CodeIgniter->run()
 6 SYSTEMPATH\Commands\Server\rewrite.php(43): require_once('FCPATH\\index.php')
CRITICAL - 2022-09-19 20:31:01 --> url_title(): Argument #1 ($str) must be of type string, null given, called in C:\xampp\htdocs\rpl2azzy\app\Controllers\Buku.php on line 44
in SYSTEMPATH\Helpers\url_helper.php on line 475.
 1 APPPATH\Controllers\Buku.php(44): url_title(null, '-', true)
 2 SYSTEMPATH\CodeIgniter.php(904): App\Controllers\Buku->save()
 3 SYSTEMPATH\CodeIgniter.php(457): CodeIgniter\CodeIgniter->runController(Object(App\Controllers\Buku))
 4 SYSTEMPATH\CodeIgniter.php(340): CodeIgniter\CodeIgniter->handleRequest(null, Object(Config\Cache), false)
 5 FCPATH\index.php(67): CodeIgniter\CodeIgniter->run()
 6 SYSTEMPATH\Commands\Server\rewrite.php(43): require_once('FCPATH\\index.php')
CRITICAL - 2022-09-19 20:31:04 --> url_title(): Argument #1 ($str) must be of type string, null given, called in C:\xampp\htdocs\rpl2azzy\app\Controllers\Buku.php on line 44
in SYSTEMPATH\Helpers\url_helper.php on line 475.
 1 APPPATH\Controllers\Buku.php(44): url_title(null, '-', true)
 2 SYSTEMPATH\CodeIgniter.php(904): App\Controllers\Buku->save()
 3 SYSTEMPATH\CodeIgniter.php(457): CodeIgniter\CodeIgniter->runController(Object(App\Controllers\Buku))
 4 SYSTEMPATH\CodeIgniter.php(340): CodeIgniter\CodeIgniter->handleRequest(null, Object(Config\Cache), false)
 5 FCPATH\index.php(67): CodeIgniter\CodeIgniter->run()
 6 SYSTEMPATH\Commands\Server\rewrite.php(43): require_once('FCPATH\\index.php')
CRITICAL - 2022-09-19 20:31:33 --> url_title(): Argument #1 ($str) must be of type string, null given, called in C:\xampp\htdocs\rpl2azzy\app\Controllers\Buku.php on line 44
in SYSTEMPATH\Helpers\url_helper.php on line 475.
 1 APPPATH\Controllers\Buku.php(44): url_title(null, '$str', true)
 2 SYSTEMPATH\CodeIgniter.php(904): App\Controllers\Buku->save()
 3 SYSTEMPATH\CodeIgniter.php(457): CodeIgniter\CodeIgniter->runController(Object(App\Controllers\Buku))
 4 SYSTEMPATH\CodeIgniter.php(340): CodeIgniter\CodeIgniter->handleRequest(null, Object(Config\Cache), false)
 5 FCPATH\index.php(67): CodeIgniter\CodeIgniter->run()
 6 SYSTEMPATH\Commands\Server\rewrite.php(43): require_once('FCPATH\\index.php')
CRITICAL - 2022-09-19 20:31:37 --> url_title(): Argument #1 ($str) must be of type string, null given, called in C:\xampp\htdocs\rpl2azzy\app\Controllers\Buku.php on line 44
in SYSTEMPATH\Helpers\url_helper.php on line 475.
 1 APPPATH\Controllers\Buku.php(44): url_title(null, '$str', true)
 2 SYSTEMPATH\CodeIgniter.php(904): App\Controllers\Buku->save()
 3 SYSTEMPATH\CodeIgniter.php(457): CodeIgniter\CodeIgniter->runController(Object(App\Controllers\Buku))
 4 SYSTEMPATH\CodeIgniter.php(340): CodeIgniter\CodeIgniter->handleRequest(null, Object(Config\Cache), false)
 5 FCPATH\index.php(67): CodeIgniter\CodeIgniter->run()
 6 SYSTEMPATH\Commands\Server\rewrite.php(43): require_once('FCPATH\\index.php')
CRITICAL - 2022-09-19 20:31:51 --> url_title(): Argument #1 ($str) must be of type string, null given, called in C:\xampp\htdocs\rpl2azzy\app\Controllers\Buku.php on line 44
in SYSTEMPATH\Helpers\url_helper.php on line 475.
 1 APPPATH\Controllers\Buku.php(44): url_title(null, '$str', true)
 2 SYSTEMPATH\CodeIgniter.php(904): App\Controllers\Buku->save()
 3 SYSTEMPATH\CodeIgniter.php(457): CodeIgniter\CodeIgniter->runController(Object(App\Controllers\Buku))
 4 SYSTEMPATH\CodeIgniter.php(340): CodeIgniter\CodeIgniter->handleRequest(null, Object(Config\Cache), false)
 5 FCPATH\index.php(67): CodeIgniter\CodeIgniter->run()
 6 SYSTEMPATH\Commands\Server\rewrite.php(43): require_once('FCPATH\\index.php')
CRITICAL - 2022-09-19 20:32:21 --> url_title(): Argument #1 ($str) must be of type string, null given, called in C:\xampp\htdocs\rpl2azzy\app\Controllers\Buku.php on line 44
in SYSTEMPATH\Helpers\url_helper.php on line 475.
 1 APPPATH\Controllers\Buku.php(44): url_title(null, '-', true)
 2 SYSTEMPATH\CodeIgniter.php(904): App\Controllers\Buku->save()
 3 SYSTEMPATH\CodeIgniter.php(457): CodeIgniter\CodeIgniter->runController(Object(App\Controllers\Buku))
 4 SYSTEMPATH\CodeIgniter.php(340): CodeIgniter\CodeIgniter->handleRequest(null, Object(Config\Cache), false)
 5 FCPATH\index.php(67): CodeIgniter\CodeIgniter->run()
 6 SYSTEMPATH\Commands\Server\rewrite.php(43): require_once('FCPATH\\index.php')
CRITICAL - 2022-09-19 20:33:50 --> CodeIgniter\HTTP\Request::fetchGlobal(): Argument #3 ($filter) must be of type ?int, string given, called in C:\xampp\htdocs\rpl2azzy\system\HTTP\IncomingRequest.php on line 503
in SYSTEMPATH\HTTP\RequestTrait.php on line 217.
 1 SYSTEMPATH\HTTP\IncomingRequest.php(503): CodeIgniter\HTTP\Request->fetchGlobal('request', 'judul', '-', true)
 2 APPPATH\Controllers\Buku.php(44): CodeIgniter\HTTP\IncomingRequest->getVar('judul', '-', true)
 3 SYSTEMPATH\CodeIgniter.php(904): App\Controllers\Buku->save()
 4 SYSTEMPATH\CodeIgniter.php(457): CodeIgniter\CodeIgniter->runController(Object(App\Controllers\Buku))
 5 SYSTEMPATH\CodeIgniter.php(340): CodeIgniter\CodeIgniter->handleRequest(null, Object(Config\Cache), false)
 6 FCPATH\index.php(67): CodeIgniter\CodeIgniter->run()
 7 SYSTEMPATH\Commands\Server\rewrite.php(43): require_once('FCPATH\\index.php')
CRITICAL - 2022-09-19 20:34:36 --> CodeIgniter\HTTP\Request::fetchGlobal(): Argument #3 ($filter) must be of type ?int, string given, called in C:\xampp\htdocs\rpl2azzy\system\HTTP\IncomingRequest.php on line 503
in SYSTEMPATH\HTTP\RequestTrait.php on line 217.
 1 SYSTEMPATH\HTTP\IncomingRequest.php(503): CodeIgniter\HTTP\Request->fetchGlobal('request', 'judul', '-', true)
 2 APPPATH\Controllers\Buku.php(44): CodeIgniter\HTTP\IncomingRequest->getVar('judul', '-', true)
 3 SYSTEMPATH\CodeIgniter.php(904): App\Controllers\Buku->save()
 4 SYSTEMPATH\CodeIgniter.php(457): CodeIgniter\CodeIgniter->runController(Object(App\Controllers\Buku))
 5 SYSTEMPATH\CodeIgniter.php(340): CodeIgniter\CodeIgniter->handleRequest(null, Object(Config\Cache), false)
 6 FCPATH\index.php(67): CodeIgniter\CodeIgniter->run()
 7 SYSTEMPATH\Commands\Server\rewrite.php(43): require_once('FCPATH\\index.php')
CRITICAL - 2022-09-19 20:35:50 --> CodeIgniter\HTTP\Request::fetchGlobal(): Argument #3 ($filter) must be of type ?int, string given, called in C:\xampp\htdocs\rpl2azzy\system\HTTP\IncomingRequest.php on line 503
in SYSTEMPATH\HTTP\RequestTrait.php on line 217.
 1 SYSTEMPATH\HTTP\IncomingRequest.php(503): CodeIgniter\HTTP\Request->fetchGlobal('request', 'judul', '-', true)
 2 APPPATH\Controllers\Buku.php(44): CodeIgniter\HTTP\IncomingRequest->getVar('judul', '-', true)
 3 SYSTEMPATH\CodeIgniter.php(904): App\Controllers\Buku->save()
 4 SYSTEMPATH\CodeIgniter.php(457): CodeIgniter\CodeIgniter->runController(Object(App\Controllers\Buku))
 5 SYSTEMPATH\CodeIgniter.php(340): CodeIgniter\CodeIgniter->handleRequest(null, Object(Config\Cache), false)
 6 FCPATH\index.php(67): CodeIgniter\CodeIgniter->run()
 7 SYSTEMPATH\Commands\Server\rewrite.php(43): require_once('FCPATH\\index.php')
CRITICAL - 2022-09-19 20:42:00 --> CodeIgniter\HTTP\Request::fetchGlobal(): Argument #3 ($filter) must be of type ?int, string given, called in C:\xampp\htdocs\rpl2azzy\system\HTTP\IncomingRequest.php on line 503
in SYSTEMPATH\HTTP\RequestTrait.php on line 217.
 1 SYSTEMPATH\HTTP\IncomingRequest.php(503): CodeIgniter\HTTP\Request->fetchGlobal('request', 'judul', '-', true)
 2 APPPATH\Controllers\Buku.php(44): CodeIgniter\HTTP\IncomingRequest->getVar('judul', '-', true)
 3 SYSTEMPATH\CodeIgniter.php(904): App\Controllers\Buku->save()
 4 SYSTEMPATH\CodeIgniter.php(457): CodeIgniter\CodeIgniter->runController(Object(App\Controllers\Buku))
 5 SYSTEMPATH\CodeIgniter.php(340): CodeIgniter\CodeIgniter->handleRequest(null, Object(Config\Cache), false)
 6 FCPATH\index.php(67): CodeIgniter\CodeIgniter->run()
 7 SYSTEMPATH\Commands\Server\rewrite.php(43): require_once('FCPATH\\index.php')
